Connecting to database specified by database.yml
MONGODB [DEBUG] Logging level is currently :debug which could negatively impact client-side performance. You should set your logging level no lower than :info in production.
MONGODB (0ms) admin['$cmd'].find({:ismaster=>1}).limit(-1)
DEPRECATION WARNING: The InstanceMethods module inside ActiveSupport::Concern will be no longer included automatically. Please define instance methods directly in Mongoid::Hierarchy instead. (called from include at /Users/hansfindel/Sites/u/arqui_software/newsRoom/app/models/article.rb:2)
DEPRECATION WARNING: The InstanceMethods module inside ActiveSupport::Concern will be no longer included automatically. Please define instance methods directly in Mongoid::Hierarchy instead. (called from include at /Users/hansfindel/Sites/u/arqui_software/newsRoom/app/models/article_category.rb:2)
DEPRECATION WARNING: The InstanceMethods module inside ActiveSupport::Concern will be no longer included automatically. Please define instance methods directly in Mongoid::Hierarchy instead. (called from include at /Users/hansfindel/Sites/u/arqui_software/newsRoom/app/models/category.rb:2)
DEPRECATION WARNING: The InstanceMethods module inside ActiveSupport::Concern will be no longer included automatically. Please define instance methods directly in Mongoid::Hierarchy instead. (called from include at /Users/hansfindel/Sites/u/arqui_software/newsRoom/app/models/news_agency.rb:18)
DEPRECATION WARNING: The InstanceMethods module inside ActiveSupport::Concern will be no longer included automatically. Please define instance methods directly in Mongoid::Hierarchy instead. (called from include at /Users/hansfindel/Sites/u/arqui_software/newsRoom/app/models/user.rb:3)
DEPRECATION WARNING: ActionDispatch::ShowExceptions.rescue_responses is deprecated. Please configure your exceptions using a railtie or in your application config instead. (called from <top (required)> at /Users/hansfindel/Sites/u/arqui_software/newsRoom/config/environment.rb:5)


Started GET "/non_published" for 127.0.0.1 at 2012-11-12 11:08:11 -0300

ActionController::RoutingError (No route matches [GET] "/non_published"):
  actionpack (3.2.6) lib/action_dispatch/middleware/debug_exceptions.rb:21:in `call'
  actionpack (3.2.6) lib/action_dispatch/middleware/show_exceptions.rb:56:in `call'
  railties (3.2.6) lib/rails/rack/logger.rb:26:in `call_app'
  railties (3.2.6) lib/rails/rack/logger.rb:16:in `call'
  actionpack (3.2.6) lib/action_dispatch/middleware/request_id.rb:22:in `call'
  rack (1.4.1) lib/rack/methodoverride.rb:21:in `call'
  rack (1.4.1) lib/rack/runtime.rb:17:in `call'
  activesupport (3.2.6) lib/active_support/cache/strategy/local_cache.rb:72:in `call'
  rack (1.4.1) lib/rack/lock.rb:15:in `call'
  actionpack (3.2.6) lib/action_dispatch/middleware/static.rb:62:in `call'
  railties (3.2.6) lib/rails/engine.rb:479:in `call'
  railties (3.2.6) lib/rails/application.rb:220:in `call'
  rack (1.4.1) lib/rack/content_length.rb:14:in `call'
  railties (3.2.6) lib/rails/rack/log_tailer.rb:17:in `call'
  rack (1.4.1) lib/rack/handler/webrick.rb:59:in `service'
  /Users/hansfindel/.rvm/rubies/ruby-1.9.3-p0/lib/ruby/1.9.1/webrick/httpserver.rb:138:in `service'
  /Users/hansfindel/.rvm/rubies/ruby-1.9.3-p0/lib/ruby/1.9.1/webrick/httpserver.rb:94:in `run'
  /Users/hansfindel/.rvm/rubies/ruby-1.9.3-p0/lib/ruby/1.9.1/webrick/server.rb:191:in `block in start_thread'


  Rendered /Users/hansfindel/.rvm/gems/ruby-1.9.3-p0/gems/actionpack-3.2.6/lib/action_dispatch/middleware/templates/rescues/routing_error.erb within rescues/layout (2.5ms)


Started GET "/non_published" for 127.0.0.1 at 2012-11-12 11:08:29 -0300
DEPRECATION WARNING: The InstanceMethods module inside ActiveSupport::Concern will be no longer included automatically. Please define instance methods directly in Mongoid::Hierarchy instead. (called from include at /Users/hansfindel/Sites/u/arqui_software/newsRoom/app/models/article.rb:2)
DEPRECATION WARNING: The InstanceMethods module inside ActiveSupport::Concern will be no longer included automatically. Please define instance methods directly in Mongoid::Hierarchy instead. (called from include at /Users/hansfindel/Sites/u/arqui_software/newsRoom/app/models/article_category.rb:2)
DEPRECATION WARNING: The InstanceMethods module inside ActiveSupport::Concern will be no longer included automatically. Please define instance methods directly in Mongoid::Hierarchy instead. (called from include at /Users/hansfindel/Sites/u/arqui_software/newsRoom/app/models/category.rb:2)
DEPRECATION WARNING: The InstanceMethods module inside ActiveSupport::Concern will be no longer included automatically. Please define instance methods directly in Mongoid::Hierarchy instead. (called from include at /Users/hansfindel/Sites/u/arqui_software/newsRoom/app/models/news_agency.rb:18)
DEPRECATION WARNING: The InstanceMethods module inside ActiveSupport::Concern will be no longer included automatically. Please define instance methods directly in Mongoid::Hierarchy instead. (called from include at /Users/hansfindel/Sites/u/arqui_software/newsRoom/app/models/user.rb:3)

NameError (undefined local variable or method `mongoid_instantiate_observers' for #<ActionDispatch::Reloader:0x007ffbb9aa16f0>):
  activesupport (3.2.6) lib/active_support/callbacks.rb:484:in `_run__2643606704137380331__prepare__2659718687828810614__callbacks'
  activesupport (3.2.6) lib/active_support/callbacks.rb:405:in `__run_callback'
  activesupport (3.2.6) lib/active_support/callbacks.rb:385:in `_run_prepare_callbacks'
  activesupport (3.2.6) lib/active_support/callbacks.rb:81:in `run_callbacks'
  actionpack (3.2.6) lib/action_dispatch/middleware/reloader.rb:74:in `prepare!'
  actionpack (3.2.6) lib/action_dispatch/middleware/reloader.rb:64:in `call'
  actionpack (3.2.6) lib/action_dispatch/middleware/remote_ip.rb:31:in `call'
  actionpack (3.2.6) lib/action_dispatch/middleware/debug_exceptions.rb:16:in `call'
  actionpack (3.2.6) lib/action_dispatch/middleware/show_exceptions.rb:56:in `call'
  railties (3.2.6) lib/rails/rack/logger.rb:26:in `call_app'
  railties (3.2.6) lib/rails/rack/logger.rb:16:in `call'
  actionpack (3.2.6) lib/action_dispatch/middleware/request_id.rb:22:in `call'
  rack (1.4.1) lib/rack/methodoverride.rb:21:in `call'
  rack (1.4.1) lib/rack/runtime.rb:17:in `call'
  activesupport (3.2.6) lib/active_support/cache/strategy/local_cache.rb:72:in `call'
  rack (1.4.1) lib/rack/lock.rb:15:in `call'
  actionpack (3.2.6) lib/action_dispatch/middleware/static.rb:62:in `call'
  railties (3.2.6) lib/rails/engine.rb:479:in `call'
  railties (3.2.6) lib/rails/application.rb:220:in `call'
  rack (1.4.1) lib/rack/content_length.rb:14:in `call'
  railties (3.2.6) lib/rails/rack/log_tailer.rb:17:in `call'
  rack (1.4.1) lib/rack/handler/webrick.rb:59:in `service'
  /Users/hansfindel/.rvm/rubies/ruby-1.9.3-p0/lib/ruby/1.9.1/webrick/httpserver.rb:138:in `service'
  /Users/hansfindel/.rvm/rubies/ruby-1.9.3-p0/lib/ruby/1.9.1/webrick/httpserver.rb:94:in `run'
  /Users/hansfindel/.rvm/rubies/ruby-1.9.3-p0/lib/ruby/1.9.1/webrick/server.rb:191:in `block in start_thread'


  Rendered /Users/hansfindel/.rvm/gems/ruby-1.9.3-p0/gems/actionpack-3.2.6/lib/action_dispatch/middleware/templates/rescues/_trace.erb (1.2ms)
  Rendered /Users/hansfindel/.rvm/gems/ruby-1.9.3-p0/gems/actionpack-3.2.6/lib/action_dispatch/middleware/templates/rescues/_request_and_response.erb (2.7ms)
  Rendered /Users/hansfindel/.rvm/gems/ruby-1.9.3-p0/gems/actionpack-3.2.6/lib/action_dispatch/middleware/templates/rescues/diagnostics.erb within rescues/layout (21.4ms)


Started GET "/non_published" for 127.0.0.1 at 2012-11-12 11:08:34 -0300
DEPRECATION WARNING: The InstanceMethods module inside ActiveSupport::Concern will be no longer included automatically. Please define instance methods directly in Mongoid::Hierarchy instead. (called from include at /Users/hansfindel/Sites/u/arqui_software/newsRoom/app/models/article.rb:2)
DEPRECATION WARNING: The InstanceMethods module inside ActiveSupport::Concern will be no longer included automatically. Please define instance methods directly in Mongoid::Hierarchy instead. (called from include at /Users/hansfindel/Sites/u/arqui_software/newsRoom/app/models/article_category.rb:2)
DEPRECATION WARNING: The InstanceMethods module inside ActiveSupport::Concern will be no longer included automatically. Please define instance methods directly in Mongoid::Hierarchy instead. (called from include at /Users/hansfindel/Sites/u/arqui_software/newsRoom/app/models/category.rb:2)
DEPRECATION WARNING: The InstanceMethods module inside ActiveSupport::Concern will be no longer included automatically. Please define instance methods directly in Mongoid::Hierarchy instead. (called from include at /Users/hansfindel/Sites/u/arqui_software/newsRoom/app/models/news_agency.rb:18)
DEPRECATION WARNING: The InstanceMethods module inside ActiveSupport::Concern will be no longer included automatically. Please define instance methods directly in Mongoid::Hierarchy instead. (called from include at /Users/hansfindel/Sites/u/arqui_software/newsRoom/app/models/user.rb:3)

NameError (undefined local variable or method `mongoid_instantiate_observers' for #<ActionDispatch::Reloader:0x007ffbb9aa16f0>):
  activesupport (3.2.6) lib/active_support/callbacks.rb:484:in `_run__2643606704137380331__prepare__2659718687828810614__callbacks'
  activesupport (3.2.6) lib/active_support/callbacks.rb:405:in `__run_callback'
  activesupport (3.2.6) lib/active_support/callbacks.rb:385:in `_run_prepare_callbacks'
  activesupport (3.2.6) lib/active_support/callbacks.rb:81:in `run_callbacks'
  actionpack (3.2.6) lib/action_dispatch/middleware/reloader.rb:74:in `prepare!'
  actionpack (3.2.6) lib/action_dispatch/middleware/reloader.rb:64:in `call'
  actionpack (3.2.6) lib/action_dispatch/middleware/remote_ip.rb:31:in `call'
  actionpack (3.2.6) lib/action_dispatch/middleware/debug_exceptions.rb:16:in `call'
  actionpack (3.2.6) lib/action_dispatch/middleware/show_exceptions.rb:56:in `call'
  railties (3.2.6) lib/rails/rack/logger.rb:26:in `call_app'
  railties (3.2.6) lib/rails/rack/logger.rb:16:in `call'
  actionpack (3.2.6) lib/action_dispatch/middleware/request_id.rb:22:in `call'
  rack (1.4.1) lib/rack/methodoverride.rb:21:in `call'
  rack (1.4.1) lib/rack/runtime.rb:17:in `call'
  activesupport (3.2.6) lib/active_support/cache/strategy/local_cache.rb:72:in `call'
  rack (1.4.1) lib/rack/lock.rb:15:in `call'
  actionpack (3.2.6) lib/action_dispatch/middleware/static.rb:62:in `call'
  railties (3.2.6) lib/rails/engine.rb:479:in `call'
  railties (3.2.6) lib/rails/application.rb:220:in `call'
  rack (1.4.1) lib/rack/content_length.rb:14:in `call'
  railties (3.2.6) lib/rails/rack/log_tailer.rb:17:in `call'
  rack (1.4.1) lib/rack/handler/webrick.rb:59:in `service'
  /Users/hansfindel/.rvm/rubies/ruby-1.9.3-p0/lib/ruby/1.9.1/webrick/httpserver.rb:138:in `service'
  /Users/hansfindel/.rvm/rubies/ruby-1.9.3-p0/lib/ruby/1.9.1/webrick/httpserver.rb:94:in `run'
  /Users/hansfindel/.rvm/rubies/ruby-1.9.3-p0/lib/ruby/1.9.1/webrick/server.rb:191:in `block in start_thread'


  Rendered /Users/hansfindel/.rvm/gems/ruby-1.9.3-p0/gems/actionpack-3.2.6/lib/action_dispatch/middleware/templates/rescues/_trace.erb (1.4ms)
  Rendered /Users/hansfindel/.rvm/gems/ruby-1.9.3-p0/gems/actionpack-3.2.6/lib/action_dispatch/middleware/templates/rescues/_request_and_response.erb (0.7ms)
  Rendered /Users/hansfindel/.rvm/gems/ruby-1.9.3-p0/gems/actionpack-3.2.6/lib/action_dispatch/middleware/templates/rescues/diagnostics.erb within rescues/layout (6.8ms)


Started GET "/non_published" for 127.0.0.1 at 2012-11-12 11:08:37 -0300
DEPRECATION WARNING: The InstanceMethods module inside ActiveSupport::Concern will be no longer included automatically. Please define instance methods directly in Mongoid::Hierarchy instead. (called from include at /Users/hansfindel/Sites/u/arqui_software/newsRoom/app/models/article.rb:2)
DEPRECATION WARNING: The InstanceMethods module inside ActiveSupport::Concern will be no longer included automatically. Please define instance methods directly in Mongoid::Hierarchy instead. (called from include at /Users/hansfindel/Sites/u/arqui_software/newsRoom/app/models/article_category.rb:2)
DEPRECATION WARNING: The InstanceMethods module inside ActiveSupport::Concern will be no longer included automatically. Please define instance methods directly in Mongoid::Hierarchy instead. (called from include at /Users/hansfindel/Sites/u/arqui_software/newsRoom/app/models/category.rb:2)
DEPRECATION WARNING: The InstanceMethods module inside ActiveSupport::Concern will be no longer included automatically. Please define instance methods directly in Mongoid::Hierarchy instead. (called from include at /Users/hansfindel/Sites/u/arqui_software/newsRoom/app/models/news_agency.rb:18)
DEPRECATION WARNING: The InstanceMethods module inside ActiveSupport::Concern will be no longer included automatically. Please define instance methods directly in Mongoid::Hierarchy instead. (called from include at /Users/hansfindel/Sites/u/arqui_software/newsRoom/app/models/user.rb:3)

NameError (undefined local variable or method `mongoid_instantiate_observers' for #<ActionDispatch::Reloader:0x007ffbb9aa16f0>):
  activesupport (3.2.6) lib/active_support/callbacks.rb:484:in `_run__2643606704137380331__prepare__2659718687828810614__callbacks'
  activesupport (3.2.6) lib/active_support/callbacks.rb:405:in `__run_callback'
  activesupport (3.2.6) lib/active_support/callbacks.rb:385:in `_run_prepare_callbacks'
  activesupport (3.2.6) lib/active_support/callbacks.rb:81:in `run_callbacks'
  actionpack (3.2.6) lib/action_dispatch/middleware/reloader.rb:74:in `prepare!'
  actionpack (3.2.6) lib/action_dispatch/middleware/reloader.rb:64:in `call'
  actionpack (3.2.6) lib/action_dispatch/middleware/remote_ip.rb:31:in `call'
  actionpack (3.2.6) lib/action_dispatch/middleware/debug_exceptions.rb:16:in `call'
  actionpack (3.2.6) lib/action_dispatch/middleware/show_exceptions.rb:56:in `call'
  railties (3.2.6) lib/rails/rack/logger.rb:26:in `call_app'
  railties (3.2.6) lib/rails/rack/logger.rb:16:in `call'
  actionpack (3.2.6) lib/action_dispatch/middleware/request_id.rb:22:in `call'
  rack (1.4.1) lib/rack/methodoverride.rb:21:in `call'
  rack (1.4.1) lib/rack/runtime.rb:17:in `call'
  activesupport (3.2.6) lib/active_support/cache/strategy/local_cache.rb:72:in `call'
  rack (1.4.1) lib/rack/lock.rb:15:in `call'
  actionpack (3.2.6) lib/action_dispatch/middleware/static.rb:62:in `call'
  railties (3.2.6) lib/rails/engine.rb:479:in `call'
  railties (3.2.6) lib/rails/application.rb:220:in `call'
  rack (1.4.1) lib/rack/content_length.rb:14:in `call'
  railties (3.2.6) lib/rails/rack/log_tailer.rb:17:in `call'
  rack (1.4.1) lib/rack/handler/webrick.rb:59:in `service'
  /Users/hansfindel/.rvm/rubies/ruby-1.9.3-p0/lib/ruby/1.9.1/webrick/httpserver.rb:138:in `service'
  /Users/hansfindel/.rvm/rubies/ruby-1.9.3-p0/lib/ruby/1.9.1/webrick/httpserver.rb:94:in `run'
  /Users/hansfindel/.rvm/rubies/ruby-1.9.3-p0/lib/ruby/1.9.1/webrick/server.rb:191:in `block in start_thread'


  Rendered /Users/hansfindel/.rvm/gems/ruby-1.9.3-p0/gems/actionpack-3.2.6/lib/action_dispatch/middleware/templates/rescues/_trace.erb (1.3ms)
  Rendered /Users/hansfindel/.rvm/gems/ruby-1.9.3-p0/gems/actionpack-3.2.6/lib/action_dispatch/middleware/templates/rescues/_request_and_response.erb (0.7ms)
  Rendered /Users/hansfindel/.rvm/gems/ruby-1.9.3-p0/gems/actionpack-3.2.6/lib/action_dispatch/middleware/templates/rescues/diagnostics.erb within rescues/layout (6.2ms)


Started GET "/" for 127.0.0.1 at 2012-11-12 11:08:41 -0300
DEPRECATION WARNING: The InstanceMethods module inside ActiveSupport::Concern will be no longer included automatically. Please define instance methods directly in Mongoid::Hierarchy instead. (called from include at /Users/hansfindel/Sites/u/arqui_software/newsRoom/app/models/article.rb:2)
DEPRECATION WARNING: The InstanceMethods module inside ActiveSupport::Concern will be no longer included automatically. Please define instance methods directly in Mongoid::Hierarchy instead. (called from include at /Users/hansfindel/Sites/u/arqui_software/newsRoom/app/models/article_category.rb:2)
DEPRECATION WARNING: The InstanceMethods module inside ActiveSupport::Concern will be no longer included automatically. Please define instance methods directly in Mongoid::Hierarchy instead. (called from include at /Users/hansfindel/Sites/u/arqui_software/newsRoom/app/models/category.rb:2)
DEPRECATION WARNING: The InstanceMethods module inside ActiveSupport::Concern will be no longer included automatically. Please define instance methods directly in Mongoid::Hierarchy instead. (called from include at /Users/hansfindel/Sites/u/arqui_software/newsRoom/app/models/news_agency.rb:18)
DEPRECATION WARNING: The InstanceMethods module inside ActiveSupport::Concern will be no longer included automatically. Please define instance methods directly in Mongoid::Hierarchy instead. (called from include at /Users/hansfindel/Sites/u/arqui_software/newsRoom/app/models/user.rb:3)

NameError (undefined local variable or method `mongoid_instantiate_observers' for #<ActionDispatch::Reloader:0x007ffbb9aa16f0>):
  activesupport (3.2.6) lib/active_support/callbacks.rb:484:in `_run__2643606704137380331__prepare__2659718687828810614__callbacks'
  activesupport (3.2.6) lib/active_support/callbacks.rb:405:in `__run_callback'
  activesupport (3.2.6) lib/active_support/callbacks.rb:385:in `_run_prepare_callbacks'
  activesupport (3.2.6) lib/active_support/callbacks.rb:81:in `run_callbacks'
  actionpack (3.2.6) lib/action_dispatch/middleware/reloader.rb:74:in `prepare!'
  actionpack (3.2.6) lib/action_dispatch/middleware/reloader.rb:64:in `call'
  actionpack (3.2.6) lib/action_dispatch/middleware/remote_ip.rb:31:in `call'
  actionpack (3.2.6) lib/action_dispatch/middleware/debug_exceptions.rb:16:in `call'
  actionpack (3.2.6) lib/action_dispatch/middleware/show_exceptions.rb:56:in `call'
  railties (3.2.6) lib/rails/rack/logger.rb:26:in `call_app'
  railties (3.2.6) lib/rails/rack/logger.rb:16:in `call'
  actionpack (3.2.6) lib/action_dispatch/middleware/request_id.rb:22:in `call'
  rack (1.4.1) lib/rack/methodoverride.rb:21:in `call'
  rack (1.4.1) lib/rack/runtime.rb:17:in `call'
  activesupport (3.2.6) lib/active_support/cache/strategy/local_cache.rb:72:in `call'
  rack (1.4.1) lib/rack/lock.rb:15:in `call'
  actionpack (3.2.6) lib/action_dispatch/middleware/static.rb:62:in `call'
  railties (3.2.6) lib/rails/engine.rb:479:in `call'
  railties (3.2.6) lib/rails/application.rb:220:in `call'
  rack (1.4.1) lib/rack/content_length.rb:14:in `call'
  railties (3.2.6) lib/rails/rack/log_tailer.rb:17:in `call'
  rack (1.4.1) lib/rack/handler/webrick.rb:59:in `service'
  /Users/hansfindel/.rvm/rubies/ruby-1.9.3-p0/lib/ruby/1.9.1/webrick/httpserver.rb:138:in `service'
  /Users/hansfindel/.rvm/rubies/ruby-1.9.3-p0/lib/ruby/1.9.1/webrick/httpserver.rb:94:in `run'
  /Users/hansfindel/.rvm/rubies/ruby-1.9.3-p0/lib/ruby/1.9.1/webrick/server.rb:191:in `block in start_thread'


  Rendered /Users/hansfindel/.rvm/gems/ruby-1.9.3-p0/gems/actionpack-3.2.6/lib/action_dispatch/middleware/templates/rescues/_trace.erb (1.4ms)
  Rendered /Users/hansfindel/.rvm/gems/ruby-1.9.3-p0/gems/actionpack-3.2.6/lib/action_dispatch/middleware/templates/rescues/_request_and_response.erb (0.8ms)
  Rendered /Users/hansfindel/.rvm/gems/ruby-1.9.3-p0/gems/actionpack-3.2.6/lib/action_dispatch/middleware/templates/rescues/diagnostics.erb within rescues/layout (7.0ms)


Started GET "/" for 127.0.0.1 at 2012-11-12 11:08:44 -0300
DEPRECATION WARNING: The InstanceMethods module inside ActiveSupport::Concern will be no longer included automatically. Please define instance methods directly in Mongoid::Hierarchy instead. (called from include at /Users/hansfindel/Sites/u/arqui_software/newsRoom/app/models/article.rb:2)
DEPRECATION WARNING: The InstanceMethods module inside ActiveSupport::Concern will be no longer included automatically. Please define instance methods directly in Mongoid::Hierarchy instead. (called from include at /Users/hansfindel/Sites/u/arqui_software/newsRoom/app/models/article_category.rb:2)
DEPRECATION WARNING: The InstanceMethods module inside ActiveSupport::Concern will be no longer included automatically. Please define instance methods directly in Mongoid::Hierarchy instead. (called from include at /Users/hansfindel/Sites/u/arqui_software/newsRoom/app/models/category.rb:2)
DEPRECATION WARNING: The InstanceMethods module inside ActiveSupport::Concern will be no longer included automatically. Please define instance methods directly in Mongoid::Hierarchy instead. (called from include at /Users/hansfindel/Sites/u/arqui_software/newsRoom/app/models/news_agency.rb:18)
DEPRECATION WARNING: The InstanceMethods module inside ActiveSupport::Concern will be no longer included automatically. Please define instance methods directly in Mongoid::Hierarchy instead. (called from include at /Users/hansfindel/Sites/u/arqui_software/newsRoom/app/models/user.rb:3)

NameError (undefined local variable or method `mongoid_instantiate_observers' for #<ActionDispatch::Reloader:0x007ffbb9aa16f0>):
  activesupport (3.2.6) lib/active_support/callbacks.rb:484:in `_run__2643606704137380331__prepare__2659718687828810614__callbacks'
  activesupport (3.2.6) lib/active_support/callbacks.rb:405:in `__run_callback'
  activesupport (3.2.6) lib/active_support/callbacks.rb:385:in `_run_prepare_callbacks'
  activesupport (3.2.6) lib/active_support/callbacks.rb:81:in `run_callbacks'
  actionpack (3.2.6) lib/action_dispatch/middleware/reloader.rb:74:in `prepare!'
  actionpack (3.2.6) lib/action_dispatch/middleware/reloader.rb:64:in `call'
  actionpack (3.2.6) lib/action_dispatch/middleware/remote_ip.rb:31:in `call'
  actionpack (3.2.6) lib/action_dispatch/middleware/debug_exceptions.rb:16:in `call'
  actionpack (3.2.6) lib/action_dispatch/middleware/show_exceptions.rb:56:in `call'
  railties (3.2.6) lib/rails/rack/logger.rb:26:in `call_app'
  railties (3.2.6) lib/rails/rack/logger.rb:16:in `call'
  actionpack (3.2.6) lib/action_dispatch/middleware/request_id.rb:22:in `call'
  rack (1.4.1) lib/rack/methodoverride.rb:21:in `call'
  rack (1.4.1) lib/rack/runtime.rb:17:in `call'
  activesupport (3.2.6) lib/active_support/cache/strategy/local_cache.rb:72:in `call'
  rack (1.4.1) lib/rack/lock.rb:15:in `call'
  actionpack (3.2.6) lib/action_dispatch/middleware/static.rb:62:in `call'
  railties (3.2.6) lib/rails/engine.rb:479:in `call'
  railties (3.2.6) lib/rails/application.rb:220:in `call'
  rack (1.4.1) lib/rack/content_length.rb:14:in `call'
  railties (3.2.6) lib/rails/rack/log_tailer.rb:17:in `call'
  rack (1.4.1) lib/rack/handler/webrick.rb:59:in `service'
  /Users/hansfindel/.rvm/rubies/ruby-1.9.3-p0/lib/ruby/1.9.1/webrick/httpserver.rb:138:in `service'
  /Users/hansfindel/.rvm/rubies/ruby-1.9.3-p0/lib/ruby/1.9.1/webrick/httpserver.rb:94:in `run'
  /Users/hansfindel/.rvm/rubies/ruby-1.9.3-p0/lib/ruby/1.9.1/webrick/server.rb:191:in `block in start_thread'


  Rendered /Users/hansfindel/.rvm/gems/ruby-1.9.3-p0/gems/actionpack-3.2.6/lib/action_dispatch/middleware/templates/rescues/_trace.erb (1.3ms)
  Rendered /Users/hansfindel/.rvm/gems/ruby-1.9.3-p0/gems/actionpack-3.2.6/lib/action_dispatch/middleware/templates/rescues/_request_and_response.erb (0.7ms)
  Rendered /Users/hansfindel/.rvm/gems/ruby-1.9.3-p0/gems/actionpack-3.2.6/lib/action_dispatch/middleware/templates/rescues/diagnostics.erb within rescues/layout (6.6ms)


Started GET "/" for 127.0.0.1 at 2012-11-12 11:08:55 -0300
DEPRECATION WARNING: The InstanceMethods module inside ActiveSupport::Concern will be no longer included automatically. Please define instance methods directly in Mongoid::Hierarchy instead. (called from include at /Users/hansfindel/Sites/u/arqui_software/newsRoom/app/models/article.rb:2)
DEPRECATION WARNING: The InstanceMethods module inside ActiveSupport::Concern will be no longer included automatically. Please define instance methods directly in Mongoid::Hierarchy instead. (called from include at /Users/hansfindel/Sites/u/arqui_software/newsRoom/app/models/article_category.rb:2)
DEPRECATION WARNING: The InstanceMethods module inside ActiveSupport::Concern will be no longer included automatically. Please define instance methods directly in Mongoid::Hierarchy instead. (called from include at /Users/hansfindel/Sites/u/arqui_software/newsRoom/app/models/category.rb:2)
DEPRECATION WARNING: The InstanceMethods module inside ActiveSupport::Concern will be no longer included automatically. Please define instance methods directly in Mongoid::Hierarchy instead. (called from include at /Users/hansfindel/Sites/u/arqui_software/newsRoom/app/models/news_agency.rb:18)
DEPRECATION WARNING: The InstanceMethods module inside ActiveSupport::Concern will be no longer included automatically. Please define instance methods directly in Mongoid::Hierarchy instead. (called from include at /Users/hansfindel/Sites/u/arqui_software/newsRoom/app/models/user.rb:3)

NameError (undefined local variable or method `mongoid_instantiate_observers' for #<ActionDispatch::Reloader:0x007ffbb9aa16f0>):
  activesupport (3.2.6) lib/active_support/callbacks.rb:484:in `_run__2643606704137380331__prepare__2659718687828810614__callbacks'
  activesupport (3.2.6) lib/active_support/callbacks.rb:405:in `__run_callback'
  activesupport (3.2.6) lib/active_support/callbacks.rb:385:in `_run_prepare_callbacks'
  activesupport (3.2.6) lib/active_support/callbacks.rb:81:in `run_callbacks'
  actionpack (3.2.6) lib/action_dispatch/middleware/reloader.rb:74:in `prepare!'
  actionpack (3.2.6) lib/action_dispatch/middleware/reloader.rb:64:in `call'
  actionpack (3.2.6) lib/action_dispatch/middleware/remote_ip.rb:31:in `call'
  actionpack (3.2.6) lib/action_dispatch/middleware/debug_exceptions.rb:16:in `call'
  actionpack (3.2.6) lib/action_dispatch/middleware/show_exceptions.rb:56:in `call'
  railties (3.2.6) lib/rails/rack/logger.rb:26:in `call_app'
  railties (3.2.6) lib/rails/rack/logger.rb:16:in `call'
  actionpack (3.2.6) lib/action_dispatch/middleware/request_id.rb:22:in `call'
  rack (1.4.1) lib/rack/methodoverride.rb:21:in `call'
  rack (1.4.1) lib/rack/runtime.rb:17:in `call'
  activesupport (3.2.6) lib/active_support/cache/strategy/local_cache.rb:72:in `call'
  rack (1.4.1) lib/rack/lock.rb:15:in `call'
  actionpack (3.2.6) lib/action_dispatch/middleware/static.rb:62:in `call'
  railties (3.2.6) lib/rails/engine.rb:479:in `call'
  railties (3.2.6) lib/rails/application.rb:220:in `call'
  rack (1.4.1) lib/rack/content_length.rb:14:in `call'
  railties (3.2.6) lib/rails/rack/log_tailer.rb:17:in `call'
  rack (1.4.1) lib/rack/handler/webrick.rb:59:in `service'
  /Users/hansfindel/.rvm/rubies/ruby-1.9.3-p0/lib/ruby/1.9.1/webrick/httpserver.rb:138:in `service'
  /Users/hansfindel/.rvm/rubies/ruby-1.9.3-p0/lib/ruby/1.9.1/webrick/httpserver.rb:94:in `run'
  /Users/hansfindel/.rvm/rubies/ruby-1.9.3-p0/lib/ruby/1.9.1/webrick/server.rb:191:in `block in start_thread'


  Rendered /Users/hansfindel/.rvm/gems/ruby-1.9.3-p0/gems/actionpack-3.2.6/lib/action_dispatch/middleware/templates/rescues/_trace.erb (1.3ms)
  Rendered /Users/hansfindel/.rvm/gems/ruby-1.9.3-p0/gems/actionpack-3.2.6/lib/action_dispatch/middleware/templates/rescues/_request_and_response.erb (0.7ms)
  Rendered /Users/hansfindel/.rvm/gems/ruby-1.9.3-p0/gems/actionpack-3.2.6/lib/action_dispatch/middleware/templates/rescues/diagnostics.erb within rescues/layout (6.4ms)


Started GET "/" for 127.0.0.1 at 2012-11-12 11:08:59 -0300
DEPRECATION WARNING: The InstanceMethods module inside ActiveSupport::Concern will be no longer included automatically. Please define instance methods directly in Mongoid::Hierarchy instead. (called from include at /Users/hansfindel/Sites/u/arqui_software/newsRoom/app/models/article.rb:2)
DEPRECATION WARNING: The InstanceMethods module inside ActiveSupport::Concern will be no longer included automatically. Please define instance methods directly in Mongoid::Hierarchy instead. (called from include at /Users/hansfindel/Sites/u/arqui_software/newsRoom/app/models/article_category.rb:2)
DEPRECATION WARNING: The InstanceMethods module inside ActiveSupport::Concern will be no longer included automatically. Please define instance methods directly in Mongoid::Hierarchy instead. (called from include at /Users/hansfindel/Sites/u/arqui_software/newsRoom/app/models/category.rb:2)
DEPRECATION WARNING: The InstanceMethods module inside ActiveSupport::Concern will be no longer included automatically. Please define instance methods directly in Mongoid::Hierarchy instead. (called from include at /Users/hansfindel/Sites/u/arqui_software/newsRoom/app/models/news_agency.rb:18)
DEPRECATION WARNING: The InstanceMethods module inside ActiveSupport::Concern will be no longer included automatically. Please define instance methods directly in Mongoid::Hierarchy instead. (called from include at /Users/hansfindel/Sites/u/arqui_software/newsRoom/app/models/user.rb:3)

NameError (undefined local variable or method `mongoid_instantiate_observers' for #<ActionDispatch::Reloader:0x007ffbb9aa16f0>):
  activesupport (3.2.6) lib/active_support/callbacks.rb:484:in `_run__2643606704137380331__prepare__2659718687828810614__callbacks'
  activesupport (3.2.6) lib/active_support/callbacks.rb:405:in `__run_callback'
  activesupport (3.2.6) lib/active_support/callbacks.rb:385:in `_run_prepare_callbacks'
  activesupport (3.2.6) lib/active_support/callbacks.rb:81:in `run_callbacks'
  actionpack (3.2.6) lib/action_dispatch/middleware/reloader.rb:74:in `prepare!'
  actionpack (3.2.6) lib/action_dispatch/middleware/reloader.rb:64:in `call'
  actionpack (3.2.6) lib/action_dispatch/middleware/remote_ip.rb:31:in `call'
  actionpack (3.2.6) lib/action_dispatch/middleware/debug_exceptions.rb:16:in `call'
  actionpack (3.2.6) lib/action_dispatch/middleware/show_exceptions.rb:56:in `call'
  railties (3.2.6) lib/rails/rack/logger.rb:26:in `call_app'
  railties (3.2.6) lib/rails/rack/logger.rb:16:in `call'
  actionpack (3.2.6) lib/action_dispatch/middleware/request_id.rb:22:in `call'
  rack (1.4.1) lib/rack/methodoverride.rb:21:in `call'
  rack (1.4.1) lib/rack/runtime.rb:17:in `call'
  activesupport (3.2.6) lib/active_support/cache/strategy/local_cache.rb:72:in `call'
  rack (1.4.1) lib/rack/lock.rb:15:in `call'
  actionpack (3.2.6) lib/action_dispatch/middleware/static.rb:62:in `call'
  railties (3.2.6) lib/rails/engine.rb:479:in `call'
  railties (3.2.6) lib/rails/application.rb:220:in `call'
  rack (1.4.1) lib/rack/content_length.rb:14:in `call'
  railties (3.2.6) lib/rails/rack/log_tailer.rb:17:in `call'
  rack (1.4.1) lib/rack/handler/webrick.rb:59:in `service'
  /Users/hansfindel/.rvm/rubies/ruby-1.9.3-p0/lib/ruby/1.9.1/webrick/httpserver.rb:138:in `service'
  /Users/hansfindel/.rvm/rubies/ruby-1.9.3-p0/lib/ruby/1.9.1/webrick/httpserver.rb:94:in `run'
  /Users/hansfindel/.rvm/rubies/ruby-1.9.3-p0/lib/ruby/1.9.1/webrick/server.rb:191:in `block in start_thread'


  Rendered /Users/hansfindel/.rvm/gems/ruby-1.9.3-p0/gems/actionpack-3.2.6/lib/action_dispatch/middleware/templates/rescues/_trace.erb (1.3ms)
  Rendered /Users/hansfindel/.rvm/gems/ruby-1.9.3-p0/gems/actionpack-3.2.6/lib/action_dispatch/middleware/templates/rescues/_request_and_response.erb (0.7ms)
  Rendered /Users/hansfindel/.rvm/gems/ruby-1.9.3-p0/gems/actionpack-3.2.6/lib/action_dispatch/middleware/templates/rescues/diagnostics.erb within rescues/layout (6.5ms)


Started GET "/" for 127.0.0.1 at 2012-11-12 11:09:01 -0300
DEPRECATION WARNING: The InstanceMethods module inside ActiveSupport::Concern will be no longer included automatically. Please define instance methods directly in Mongoid::Hierarchy instead. (called from include at /Users/hansfindel/Sites/u/arqui_software/newsRoom/app/models/article.rb:2)
DEPRECATION WARNING: The InstanceMethods module inside ActiveSupport::Concern will be no longer included automatically. Please define instance methods directly in Mongoid::Hierarchy instead. (called from include at /Users/hansfindel/Sites/u/arqui_software/newsRoom/app/models/article_category.rb:2)
DEPRECATION WARNING: The InstanceMethods module inside ActiveSupport::Concern will be no longer included automatically. Please define instance methods directly in Mongoid::Hierarchy instead. (called from include at /Users/hansfindel/Sites/u/arqui_software/newsRoom/app/models/category.rb:2)
DEPRECATION WARNING: The InstanceMethods module inside ActiveSupport::Concern will be no longer included automatically. Please define instance methods directly in Mongoid::Hierarchy instead. (called from include at /Users/hansfindel/Sites/u/arqui_software/newsRoom/app/models/news_agency.rb:18)
DEPRECATION WARNING: The InstanceMethods module inside ActiveSupport::Concern will be no longer included automatically. Please define instance methods directly in Mongoid::Hierarchy instead. (called from include at /Users/hansfindel/Sites/u/arqui_software/newsRoom/app/models/user.rb:3)

NameError (undefined local variable or method `mongoid_instantiate_observers' for #<ActionDispatch::Reloader:0x007ffbb9aa16f0>):
  activesupport (3.2.6) lib/active_support/callbacks.rb:484:in `_run__2643606704137380331__prepare__2659718687828810614__callbacks'
  activesupport (3.2.6) lib/active_support/callbacks.rb:405:in `__run_callback'
  activesupport (3.2.6) lib/active_support/callbacks.rb:385:in `_run_prepare_callbacks'
  activesupport (3.2.6) lib/active_support/callbacks.rb:81:in `run_callbacks'
  actionpack (3.2.6) lib/action_dispatch/middleware/reloader.rb:74:in `prepare!'
  actionpack (3.2.6) lib/action_dispatch/middleware/reloader.rb:64:in `call'
  actionpack (3.2.6) lib/action_dispatch/middleware/remote_ip.rb:31:in `call'
  actionpack (3.2.6) lib/action_dispatch/middleware/debug_exceptions.rb:16:in `call'
  actionpack (3.2.6) lib/action_dispatch/middleware/show_exceptions.rb:56:in `call'
  railties (3.2.6) lib/rails/rack/logger.rb:26:in `call_app'
  railties (3.2.6) lib/rails/rack/logger.rb:16:in `call'
  actionpack (3.2.6) lib/action_dispatch/middleware/request_id.rb:22:in `call'
  rack (1.4.1) lib/rack/methodoverride.rb:21:in `call'
  rack (1.4.1) lib/rack/runtime.rb:17:in `call'
  activesupport (3.2.6) lib/active_support/cache/strategy/local_cache.rb:72:in `call'
  rack (1.4.1) lib/rack/lock.rb:15:in `call'
  actionpack (3.2.6) lib/action_dispatch/middleware/static.rb:62:in `call'
  railties (3.2.6) lib/rails/engine.rb:479:in `call'
  railties (3.2.6) lib/rails/application.rb:220:in `call'
  rack (1.4.1) lib/rack/content_length.rb:14:in `call'
  railties (3.2.6) lib/rails/rack/log_tailer.rb:17:in `call'
  rack (1.4.1) lib/rack/handler/webrick.rb:59:in `service'
  /Users/hansfindel/.rvm/rubies/ruby-1.9.3-p0/lib/ruby/1.9.1/webrick/httpserver.rb:138:in `service'
  /Users/hansfindel/.rvm/rubies/ruby-1.9.3-p0/lib/ruby/1.9.1/webrick/httpserver.rb:94:in `run'
  /Users/hansfindel/.rvm/rubies/ruby-1.9.3-p0/lib/ruby/1.9.1/webrick/server.rb:191:in `block in start_thread'


  Rendered /Users/hansfindel/.rvm/gems/ruby-1.9.3-p0/gems/actionpack-3.2.6/lib/action_dispatch/middleware/templates/rescues/_trace.erb (1.3ms)
  Rendered /Users/hansfindel/.rvm/gems/ruby-1.9.3-p0/gems/actionpack-3.2.6/lib/action_dispatch/middleware/templates/rescues/_request_and_response.erb (0.7ms)
  Rendered /Users/hansfindel/.rvm/gems/ruby-1.9.3-p0/gems/actionpack-3.2.6/lib/action_dispatch/middleware/templates/rescues/diagnostics.erb within rescues/layout (6.3ms)


Started GET "/" for 127.0.0.1 at 2012-11-12 11:09:12 -0300
DEPRECATION WARNING: The InstanceMethods module inside ActiveSupport::Concern will be no longer included automatically. Please define instance methods directly in Mongoid::Hierarchy instead. (called from include at /Users/hansfindel/Sites/u/arqui_software/newsRoom/app/models/article.rb:2)
DEPRECATION WARNING: The InstanceMethods module inside ActiveSupport::Concern will be no longer included automatically. Please define instance methods directly in Mongoid::Hierarchy instead. (called from include at /Users/hansfindel/Sites/u/arqui_software/newsRoom/app/models/article_category.rb:2)
DEPRECATION WARNING: The InstanceMethods module inside ActiveSupport::Concern will be no longer included automatically. Please define instance methods directly in Mongoid::Hierarchy instead. (called from include at /Users/hansfindel/Sites/u/arqui_software/newsRoom/app/models/category.rb:2)
DEPRECATION WARNING: The InstanceMethods module inside ActiveSupport::Concern will be no longer included automatically. Please define instance methods directly in Mongoid::Hierarchy instead. (called from include at /Users/hansfindel/Sites/u/arqui_software/newsRoom/app/models/news_agency.rb:18)
DEPRECATION WARNING: The InstanceMethods module inside ActiveSupport::Concern will be no longer included automatically. Please define instance methods directly in Mongoid::Hierarchy instead. (called from include at /Users/hansfindel/Sites/u/arqui_software/newsRoom/app/models/user.rb:3)

NameError (undefined local variable or method `mongoid_instantiate_observers' for #<ActionDispatch::Reloader:0x007ffbb9aa16f0>):
  activesupport (3.2.6) lib/active_support/callbacks.rb:484:in `_run__2643606704137380331__prepare__2659718687828810614__callbacks'
  activesupport (3.2.6) lib/active_support/callbacks.rb:405:in `__run_callback'
  activesupport (3.2.6) lib/active_support/callbacks.rb:385:in `_run_prepare_callbacks'
  activesupport (3.2.6) lib/active_support/callbacks.rb:81:in `run_callbacks'
  actionpack (3.2.6) lib/action_dispatch/middleware/reloader.rb:74:in `prepare!'
  actionpack (3.2.6) lib/action_dispatch/middleware/reloader.rb:64:in `call'
  actionpack (3.2.6) lib/action_dispatch/middleware/remote_ip.rb:31:in `call'
  actionpack (3.2.6) lib/action_dispatch/middleware/debug_exceptions.rb:16:in `call'
  actionpack (3.2.6) lib/action_dispatch/middleware/show_exceptions.rb:56:in `call'
  railties (3.2.6) lib/rails/rack/logger.rb:26:in `call_app'
  railties (3.2.6) lib/rails/rack/logger.rb:16:in `call'
  actionpack (3.2.6) lib/action_dispatch/middleware/request_id.rb:22:in `call'
  rack (1.4.1) lib/rack/methodoverride.rb:21:in `call'
  rack (1.4.1) lib/rack/runtime.rb:17:in `call'
  activesupport (3.2.6) lib/active_support/cache/strategy/local_cache.rb:72:in `call'
  rack (1.4.1) lib/rack/lock.rb:15:in `call'
  actionpack (3.2.6) lib/action_dispatch/middleware/static.rb:62:in `call'
  railties (3.2.6) lib/rails/engine.rb:479:in `call'
  railties (3.2.6) lib/rails/application.rb:220:in `call'
  rack (1.4.1) lib/rack/content_length.rb:14:in `call'
  railties (3.2.6) lib/rails/rack/log_tailer.rb:17:in `call'
  rack (1.4.1) lib/rack/handler/webrick.rb:59:in `service'
  /Users/hansfindel/.rvm/rubies/ruby-1.9.3-p0/lib/ruby/1.9.1/webrick/httpserver.rb:138:in `service'
  /Users/hansfindel/.rvm/rubies/ruby-1.9.3-p0/lib/ruby/1.9.1/webrick/httpserver.rb:94:in `run'
  /Users/hansfindel/.rvm/rubies/ruby-1.9.3-p0/lib/ruby/1.9.1/webrick/server.rb:191:in `block in start_thread'


  Rendered /Users/hansfindel/.rvm/gems/ruby-1.9.3-p0/gems/actionpack-3.2.6/lib/action_dispatch/middleware/templates/rescues/_trace.erb (26.8ms)
  Rendered /Users/hansfindel/.rvm/gems/ruby-1.9.3-p0/gems/actionpack-3.2.6/lib/action_dispatch/middleware/templates/rescues/_request_and_response.erb (0.9ms)
  Rendered /Users/hansfindel/.rvm/gems/ruby-1.9.3-p0/gems/actionpack-3.2.6/lib/action_dispatch/middleware/templates/rescues/diagnostics.erb within rescues/layout (32.4ms)


Started GET "/non_published" for 127.0.0.1 at 2012-11-12 11:09:23 -0300
DEPRECATION WARNING: The InstanceMethods module inside ActiveSupport::Concern will be no longer included automatically. Please define instance methods directly in Mongoid::Hierarchy instead. (called from include at /Users/hansfindel/Sites/u/arqui_software/newsRoom/app/models/article.rb:2)
DEPRECATION WARNING: The InstanceMethods module inside ActiveSupport::Concern will be no longer included automatically. Please define instance methods directly in Mongoid::Hierarchy instead. (called from include at /Users/hansfindel/Sites/u/arqui_software/newsRoom/app/models/article_category.rb:2)
DEPRECATION WARNING: The InstanceMethods module inside ActiveSupport::Concern will be no longer included automatically. Please define instance methods directly in Mongoid::Hierarchy instead. (called from include at /Users/hansfindel/Sites/u/arqui_software/newsRoom/app/models/category.rb:2)
DEPRECATION WARNING: The InstanceMethods module inside ActiveSupport::Concern will be no longer included automatically. Please define instance methods directly in Mongoid::Hierarchy instead. (called from include at /Users/hansfindel/Sites/u/arqui_software/newsRoom/app/models/news_agency.rb:18)
DEPRECATION WARNING: The InstanceMethods module inside ActiveSupport::Concern will be no longer included automatically. Please define instance methods directly in Mongoid::Hierarchy instead. (called from include at /Users/hansfindel/Sites/u/arqui_software/newsRoom/app/models/user.rb:3)

NameError (undefined local variable or method `mongoid_instantiate_observers' for #<ActionDispatch::Reloader:0x007ffbb9aa16f0>):
  activesupport (3.2.6) lib/active_support/callbacks.rb:484:in `_run__2643606704137380331__prepare__2659718687828810614__callbacks'
  activesupport (3.2.6) lib/active_support/callbacks.rb:405:in `__run_callback'
  activesupport (3.2.6) lib/active_support/callbacks.rb:385:in `_run_prepare_callbacks'
  activesupport (3.2.6) lib/active_support/callbacks.rb:81:in `run_callbacks'
  actionpack (3.2.6) lib/action_dispatch/middleware/reloader.rb:74:in `prepare!'
  actionpack (3.2.6) lib/action_dispatch/middleware/reloader.rb:64:in `call'
  actionpack (3.2.6) lib/action_dispatch/middleware/remote_ip.rb:31:in `call'
  actionpack (3.2.6) lib/action_dispatch/middleware/debug_exceptions.rb:16:in `call'
  actionpack (3.2.6) lib/action_dispatch/middleware/show_exceptions.rb:56:in `call'
  railties (3.2.6) lib/rails/rack/logger.rb:26:in `call_app'
  railties (3.2.6) lib/rails/rack/logger.rb:16:in `call'
  actionpack (3.2.6) lib/action_dispatch/middleware/request_id.rb:22:in `call'
  rack (1.4.1) lib/rack/methodoverride.rb:21:in `call'
  rack (1.4.1) lib/rack/runtime.rb:17:in `call'
  activesupport (3.2.6) lib/active_support/cache/strategy/local_cache.rb:72:in `call'
  rack (1.4.1) lib/rack/lock.rb:15:in `call'
  actionpack (3.2.6) lib/action_dispatch/middleware/static.rb:62:in `call'
  railties (3.2.6) lib/rails/engine.rb:479:in `call'
  railties (3.2.6) lib/rails/application.rb:220:in `call'
  rack (1.4.1) lib/rack/content_length.rb:14:in `call'
  railties (3.2.6) lib/rails/rack/log_tailer.rb:17:in `call'
  rack (1.4.1) lib/rack/handler/webrick.rb:59:in `service'
  /Users/hansfindel/.rvm/rubies/ruby-1.9.3-p0/lib/ruby/1.9.1/webrick/httpserver.rb:138:in `service'
  /Users/hansfindel/.rvm/rubies/ruby-1.9.3-p0/lib/ruby/1.9.1/webrick/httpserver.rb:94:in `run'
  /Users/hansfindel/.rvm/rubies/ruby-1.9.3-p0/lib/ruby/1.9.1/webrick/server.rb:191:in `block in start_thread'


  Rendered /Users/hansfindel/.rvm/gems/ruby-1.9.3-p0/gems/actionpack-3.2.6/lib/action_dispatch/middleware/templates/rescues/_trace.erb (1.4ms)
  Rendered /Users/hansfindel/.rvm/gems/ruby-1.9.3-p0/gems/actionpack-3.2.6/lib/action_dispatch/middleware/templates/rescues/_request_and_response.erb (0.9ms)
  Rendered /Users/hansfindel/.rvm/gems/ruby-1.9.3-p0/gems/actionpack-3.2.6/lib/action_dispatch/middleware/templates/rescues/diagnostics.erb within rescues/layout (7.1ms)


Started GET "/" for 127.0.0.1 at 2012-11-12 11:09:26 -0300
DEPRECATION WARNING: The InstanceMethods module inside ActiveSupport::Concern will be no longer included automatically. Please define instance methods directly in Mongoid::Hierarchy instead. (called from include at /Users/hansfindel/Sites/u/arqui_software/newsRoom/app/models/article.rb:2)
DEPRECATION WARNING: The InstanceMethods module inside ActiveSupport::Concern will be no longer included automatically. Please define instance methods directly in Mongoid::Hierarchy instead. (called from include at /Users/hansfindel/Sites/u/arqui_software/newsRoom/app/models/article_category.rb:2)
DEPRECATION WARNING: The InstanceMethods module inside ActiveSupport::Concern will be no longer included automatically. Please define instance methods directly in Mongoid::Hierarchy instead. (called from include at /Users/hansfindel/Sites/u/arqui_software/newsRoom/app/models/category.rb:2)
DEPRECATION WARNING: The InstanceMethods module inside ActiveSupport::Concern will be no longer included automatically. Please define instance methods directly in Mongoid::Hierarchy instead. (called from include at /Users/hansfindel/Sites/u/arqui_software/newsRoom/app/models/news_agency.rb:18)
DEPRECATION WARNING: The InstanceMethods module inside ActiveSupport::Concern will be no longer included automatically. Please define instance methods directly in Mongoid::Hierarchy instead. (called from include at /Users/hansfindel/Sites/u/arqui_software/newsRoom/app/models/user.rb:3)

NameError (undefined local variable or method `mongoid_instantiate_observers' for #<ActionDispatch::Reloader:0x007ffbb9aa16f0>):
  activesupport (3.2.6) lib/active_support/callbacks.rb:484:in `_run__2643606704137380331__prepare__2659718687828810614__callbacks'
  activesupport (3.2.6) lib/active_support/callbacks.rb:405:in `__run_callback'
  activesupport (3.2.6) lib/active_support/callbacks.rb:385:in `_run_prepare_callbacks'
  activesupport (3.2.6) lib/active_support/callbacks.rb:81:in `run_callbacks'
  actionpack (3.2.6) lib/action_dispatch/middleware/reloader.rb:74:in `prepare!'
  actionpack (3.2.6) lib/action_dispatch/middleware/reloader.rb:64:in `call'
  actionpack (3.2.6) lib/action_dispatch/middleware/remote_ip.rb:31:in `call'
  actionpack (3.2.6) lib/action_dispatch/middleware/debug_exceptions.rb:16:in `call'
  actionpack (3.2.6) lib/action_dispatch/middleware/show_exceptions.rb:56:in `call'
  railties (3.2.6) lib/rails/rack/logger.rb:26:in `call_app'
  railties (3.2.6) lib/rails/rack/logger.rb:16:in `call'
  actionpack (3.2.6) lib/action_dispatch/middleware/request_id.rb:22:in `call'
  rack (1.4.1) lib/rack/methodoverride.rb:21:in `call'
  rack (1.4.1) lib/rack/runtime.rb:17:in `call'
  activesupport (3.2.6) lib/active_support/cache/strategy/local_cache.rb:72:in `call'
  rack (1.4.1) lib/rack/lock.rb:15:in `call'
  actionpack (3.2.6) lib/action_dispatch/middleware/static.rb:62:in `call'
  railties (3.2.6) lib/rails/engine.rb:479:in `call'
  railties (3.2.6) lib/rails/application.rb:220:in `call'
  rack (1.4.1) lib/rack/content_length.rb:14:in `call'
  railties (3.2.6) lib/rails/rack/log_tailer.rb:17:in `call'
  rack (1.4.1) lib/rack/handler/webrick.rb:59:in `service'
  /Users/hansfindel/.rvm/rubies/ruby-1.9.3-p0/lib/ruby/1.9.1/webrick/httpserver.rb:138:in `service'
  /Users/hansfindel/.rvm/rubies/ruby-1.9.3-p0/lib/ruby/1.9.1/webrick/httpserver.rb:94:in `run'
  /Users/hansfindel/.rvm/rubies/ruby-1.9.3-p0/lib/ruby/1.9.1/webrick/server.rb:191:in `block in start_thread'


  Rendered /Users/hansfindel/.rvm/gems/ruby-1.9.3-p0/gems/actionpack-3.2.6/lib/action_dispatch/middleware/templates/rescues/_trace.erb (2.0ms)
  Rendered /Users/hansfindel/.rvm/gems/ruby-1.9.3-p0/gems/actionpack-3.2.6/lib/action_dispatch/middleware/templates/rescues/_request_and_response.erb (0.9ms)
  Rendered /Users/hansfindel/.rvm/gems/ruby-1.9.3-p0/gems/actionpack-3.2.6/lib/action_dispatch/middleware/templates/rescues/diagnostics.erb within rescues/layout (10.2ms)
Connecting to database specified by database.yml
MONGODB [DEBUG] Logging level is currently :debug which could negatively impact client-side performance. You should set your logging level no lower than :info in production.
MONGODB (0ms) admin['$cmd'].find({:ismaster=>1}).limit(-1)
DEPRECATION WARNING: The InstanceMethods module inside ActiveSupport::Concern will be no longer included automatically. Please define instance methods directly in Mongoid::Hierarchy instead. (called from include at /Users/hansfindel/Sites/u/arqui_software/newsRoom/app/models/article.rb:2)
DEPRECATION WARNING: The InstanceMethods module inside ActiveSupport::Concern will be no longer included automatically. Please define instance methods directly in Mongoid::Hierarchy instead. (called from include at /Users/hansfindel/Sites/u/arqui_software/newsRoom/app/models/article_category.rb:2)
DEPRECATION WARNING: The InstanceMethods module inside ActiveSupport::Concern will be no longer included automatically. Please define instance methods directly in Mongoid::Hierarchy instead. (called from include at /Users/hansfindel/Sites/u/arqui_software/newsRoom/app/models/category.rb:2)
DEPRECATION WARNING: The InstanceMethods module inside ActiveSupport::Concern will be no longer included automatically. Please define instance methods directly in Mongoid::Hierarchy instead. (called from include at /Users/hansfindel/Sites/u/arqui_software/newsRoom/app/models/news_agency.rb:18)
DEPRECATION WARNING: The InstanceMethods module inside ActiveSupport::Concern will be no longer included automatically. Please define instance methods directly in Mongoid::Hierarchy instead. (called from include at /Users/hansfindel/Sites/u/arqui_software/newsRoom/app/models/user.rb:3)
DEPRECATION WARNING: ActionDispatch::ShowExceptions.rescue_responses is deprecated. Please configure your exceptions using a railtie or in your application config instead. (called from <top (required)> at /Users/hansfindel/Sites/u/arqui_software/newsRoom/config/environment.rb:5)


Started GET "/" for 127.0.0.1 at 2012-11-12 11:11:10 -0300
Processing by ArticlesController#index as HTML
MONGODB (215ms) rails3_mongoid_devise_development['articles'].find({:is_published=>true})
MONGODB (0ms) rails3_mongoid_devise_development['users'].find({:_id=>BSON::ObjectId('509bf41a9a8a902cc4000002')}).limit(-1)
  Rendered articles/index.html.erb within layouts/application (219.3ms)
Completed 200 OK in 1045ms (Views: 1044.0ms | ActiveRecord: 0.0ms)


Started GET "/assets/news_agencies.css?body=1" for 127.0.0.1 at 2012-11-12 11:11:11 -0300
Served asset /news_agencies.css - 304 Not Modified (1ms)


Started GET "/assets/scaffolds.css?body=1" for 127.0.0.1 at 2012-11-12 11:11:11 -0300
Served asset /scaffolds.css - 304 Not Modified (1ms)


Started GET "/assets/articles.css?body=1" for 127.0.0.1 at 2012-11-12 11:11:11 -0300
Served asset /articles.css - 304 Not Modified (1ms)


Started GET "/assets/bootstrap_and_overrides.css?body=1" for 127.0.0.1 at 2012-11-12 11:11:11 -0300
Served asset /bootstrap_and_overrides.css - 304 Not Modified (2ms)


Started GET "/assets/sessions.css?body=1" for 127.0.0.1 at 2012-11-12 11:11:11 -0300
Served asset /sessions.css - 304 Not Modified (1ms)


Started GET "/assets/users.css?body=1" for 127.0.0.1 at 2012-11-12 11:11:11 -0300
Served asset /users.css - 304 Not Modified (1ms)


Started GET "/assets/jquery.js?body=1" for 127.0.0.1 at 2012-11-12 11:11:11 -0300
Served asset /jquery.js - 304 Not Modified (4ms)


Started GET "/assets/jquery_ujs.js?body=1" for 127.0.0.1 at 2012-11-12 11:11:11 -0300
Served asset /jquery_ujs.js - 304 Not Modified (2ms)


Started GET "/assets/twitter/bootstrap/bootstrap-transition.js?body=1" for 127.0.0.1 at 2012-11-12 11:11:11 -0300
Served asset /twitter/bootstrap/bootstrap-transition.js - 304 Not Modified (51ms)


Started GET "/assets/twitter/bootstrap/bootstrap-alert.js?body=1" for 127.0.0.1 at 2012-11-12 11:11:11 -0300
Served asset /twitter/bootstrap/bootstrap-alert.js - 304 Not Modified (2ms)


Started GET "/assets/twitter/bootstrap/bootstrap-modal.js?body=1" for 127.0.0.1 at 2012-11-12 11:11:11 -0300
Served asset /twitter/bootstrap/bootstrap-modal.js - 304 Not Modified (2ms)


Started GET "/assets/twitter/bootstrap/bootstrap-dropdown.js?body=1" for 127.0.0.1 at 2012-11-12 11:11:11 -0300
Served asset /twitter/bootstrap/bootstrap-dropdown.js - 304 Not Modified (2ms)


Started GET "/assets/twitter/bootstrap/bootstrap-scrollspy.js?body=1" for 127.0.0.1 at 2012-11-12 11:11:11 -0300
Served asset /twitter/bootstrap/bootstrap-scrollspy.js - 304 Not Modified (2ms)


Started GET "/assets/twitter/bootstrap/bootstrap-tab.js?body=1" for 127.0.0.1 at 2012-11-12 11:11:11 -0300
Served asset /twitter/bootstrap/bootstrap-tab.js - 304 Not Modified (3ms)


Started GET "/assets/twitter/bootstrap/bootstrap-tooltip.js?body=1" for 127.0.0.1 at 2012-11-12 11:11:11 -0300
Served asset /twitter/bootstrap/bootstrap-tooltip.js - 304 Not Modified (4ms)


Started GET "/assets/twitter/bootstrap/bootstrap-popover.js?body=1" for 127.0.0.1 at 2012-11-12 11:11:11 -0300
Served asset /twitter/bootstrap/bootstrap-popover.js - 304 Not Modified (33ms)


Started GET "/assets/twitter/bootstrap/bootstrap-button.js?body=1" for 127.0.0.1 at 2012-11-12 11:11:11 -0300
Served asset /twitter/bootstrap/bootstrap-button.js - 304 Not Modified (4ms)


Started GET "/assets/twitter/bootstrap/bootstrap-collapse.js?body=1" for 127.0.0.1 at 2012-11-12 11:11:11 -0300
Served asset /twitter/bootstrap/bootstrap-collapse.js - 304 Not Modified (3ms)


Started GET "/assets/twitter/bootstrap/bootstrap-carousel.js?body=1" for 127.0.0.1 at 2012-11-12 11:11:11 -0300
Served asset /twitter/bootstrap/bootstrap-carousel.js - 304 Not Modified (2ms)


Started GET "/assets/twitter/bootstrap/bootstrap-typeahead.js?body=1" for 127.0.0.1 at 2012-11-12 11:11:11 -0300
Served asset /twitter/bootstrap/bootstrap-typeahead.js - 304 Not Modified (2ms)


Started GET "/assets/twitter/bootstrap/bootstrap-affix.js?body=1" for 127.0.0.1 at 2012-11-12 11:11:11 -0300
Served asset /twitter/bootstrap/bootstrap-affix.js - 304 Not Modified (2ms)


Started GET "/assets/twitter/bootstrap.js?body=1" for 127.0.0.1 at 2012-11-12 11:11:11 -0300
Served asset /twitter/bootstrap.js - 304 Not Modified (14ms)


Started GET "/assets/articles.js?body=1" for 127.0.0.1 at 2012-11-12 11:11:11 -0300
Served asset /articles.js - 304 Not Modified (7ms)


Started GET "/assets/bootstrap.js?body=1" for 127.0.0.1 at 2012-11-12 11:11:11 -0300
Served asset /bootstrap.js - 304 Not Modified (1ms)


Started GET "/assets/news_agencies.js?body=1" for 127.0.0.1 at 2012-11-12 11:11:11 -0300
Served asset /news_agencies.js - 304 Not Modified (1ms)


Started GET "/assets/sessions.js?body=1" for 127.0.0.1 at 2012-11-12 11:11:11 -0300
Served asset /sessions.js - 304 Not Modified (1ms)


Started GET "/assets/users.js?body=1" for 127.0.0.1 at 2012-11-12 11:11:11 -0300
Served asset /users.js - 304 Not Modified (1ms)


Started GET "/non_published" for 127.0.0.1 at 2012-11-12 11:11:23 -0300
Processing by ArticlesController#show_non_published as HTML
MONGODB (0ms) rails3_mongoid_devise_development['articles'].find({:is_published=>false})
  Rendered articles/show_non_published.html.erb within layouts/application (1.2ms)
MONGODB (0ms) rails3_mongoid_devise_development['users'].find({:_id=>BSON::ObjectId('509bf41a9a8a902cc4000002')}).limit(-1)
Completed 200 OK in 25ms (Views: 24.3ms | ActiveRecord: 0.0ms)


Started GET "/assets/articles.css?body=1" for 127.0.0.1 at 2012-11-12 11:11:23 -0300
Served asset /articles.css - 304 Not Modified (0ms)


Started GET "/assets/bootstrap_and_overrides.css?body=1" for 127.0.0.1 at 2012-11-12 11:11:23 -0300
Served asset /bootstrap_and_overrides.css - 304 Not Modified (0ms)


Started GET "/assets/sessions.css?body=1" for 127.0.0.1 at 2012-11-12 11:11:23 -0300
Served asset /sessions.css - 304 Not Modified (0ms)


Started GET "/assets/news_agencies.css?body=1" for 127.0.0.1 at 2012-11-12 11:11:23 -0300
Served asset /news_agencies.css - 304 Not Modified (0ms)


Started GET "/assets/users.css?body=1" for 127.0.0.1 at 2012-11-12 11:11:23 -0300
Served asset /users.css - 304 Not Modified (0ms)


Started GET "/assets/scaffolds.css?body=1" for 127.0.0.1 at 2012-11-12 11:11:23 -0300
Served asset /scaffolds.css - 304 Not Modified (0ms)


Started GET "/assets/jquery.js?body=1" for 127.0.0.1 at 2012-11-12 11:11:23 -0300
Served asset /jquery.js - 304 Not Modified (0ms)


Started GET "/assets/twitter/bootstrap/bootstrap-modal.js?body=1" for 127.0.0.1 at 2012-11-12 11:11:23 -0300
Served asset /twitter/bootstrap/bootstrap-modal.js - 304 Not Modified (0ms)


Started GET "/assets/jquery_ujs.js?body=1" for 127.0.0.1 at 2012-11-12 11:11:23 -0300
Served asset /jquery_ujs.js - 304 Not Modified (0ms)


Started GET "/assets/twitter/bootstrap/bootstrap-transition.js?body=1" for 127.0.0.1 at 2012-11-12 11:11:23 -0300
Served asset /twitter/bootstrap/bootstrap-transition.js - 304 Not Modified (0ms)


Started GET "/assets/twitter/bootstrap/bootstrap-alert.js?body=1" for 127.0.0.1 at 2012-11-12 11:11:23 -0300
Served asset /twitter/bootstrap/bootstrap-alert.js - 304 Not Modified (0ms)


Started GET "/assets/twitter/bootstrap/bootstrap-dropdown.js?body=1" for 127.0.0.1 at 2012-11-12 11:11:23 -0300
Served asset /twitter/bootstrap/bootstrap-dropdown.js - 304 Not Modified (0ms)


Started GET "/assets/twitter/bootstrap/bootstrap-scrollspy.js?body=1" for 127.0.0.1 at 2012-11-12 11:11:23 -0300
Served asset /twitter/bootstrap/bootstrap-scrollspy.js - 304 Not Modified (0ms)


Started GET "/assets/twitter/bootstrap/bootstrap-tab.js?body=1" for 127.0.0.1 at 2012-11-12 11:11:23 -0300
Served asset /twitter/bootstrap/bootstrap-tab.js - 304 Not Modified (0ms)


Started GET "/assets/twitter/bootstrap/bootstrap-tooltip.js?body=1" for 127.0.0.1 at 2012-11-12 11:11:23 -0300
Served asset /twitter/bootstrap/bootstrap-tooltip.js - 304 Not Modified (0ms)


Started GET "/assets/twitter/bootstrap/bootstrap-popover.js?body=1" for 127.0.0.1 at 2012-11-12 11:11:23 -0300
Served asset /twitter/bootstrap/bootstrap-popover.js - 304 Not Modified (0ms)


Started GET "/assets/twitter/bootstrap/bootstrap-button.js?body=1" for 127.0.0.1 at 2012-11-12 11:11:23 -0300
Served asset /twitter/bootstrap/bootstrap-button.js - 304 Not Modified (0ms)


Started GET "/assets/twitter/bootstrap/bootstrap-collapse.js?body=1" for 127.0.0.1 at 2012-11-12 11:11:23 -0300
Served asset /twitter/bootstrap/bootstrap-collapse.js - 304 Not Modified (0ms)


Started GET "/assets/twitter/bootstrap/bootstrap-carousel.js?body=1" for 127.0.0.1 at 2012-11-12 11:11:23 -0300
Served asset /twitter/bootstrap/bootstrap-carousel.js - 304 Not Modified (0ms)


Started GET "/assets/twitter/bootstrap/bootstrap-typeahead.js?body=1" for 127.0.0.1 at 2012-11-12 11:11:23 -0300
Served asset /twitter/bootstrap/bootstrap-typeahead.js - 304 Not Modified (0ms)


Started GET "/assets/twitter/bootstrap/bootstrap-affix.js?body=1" for 127.0.0.1 at 2012-11-12 11:11:23 -0300
Served asset /twitter/bootstrap/bootstrap-affix.js - 304 Not Modified (0ms)


Started GET "/assets/twitter/bootstrap.js?body=1" for 127.0.0.1 at 2012-11-12 11:11:23 -0300
Served asset /twitter/bootstrap.js - 304 Not Modified (0ms)


Started GET "/assets/articles.js?body=1" for 127.0.0.1 at 2012-11-12 11:11:23 -0300
Served asset /articles.js - 304 Not Modified (0ms)


Started GET "/assets/bootstrap.js?body=1" for 127.0.0.1 at 2012-11-12 11:11:23 -0300
Served asset /bootstrap.js - 304 Not Modified (0ms)


Started GET "/assets/news_agencies.js?body=1" for 127.0.0.1 at 2012-11-12 11:11:23 -0300
Served asset /news_agencies.js - 304 Not Modified (0ms)


Started GET "/assets/sessions.js?body=1" for 127.0.0.1 at 2012-11-12 11:11:23 -0300
Served asset /sessions.js - 304 Not Modified (0ms)


Started GET "/assets/users.js?body=1" for 127.0.0.1 at 2012-11-12 11:11:23 -0300
Served asset /users.js - 304 Not Modified (0ms)


Started GET "/non_published" for 127.0.0.1 at 2012-11-12 11:11:48 -0300
Processing by ArticlesController#show_non_published as HTML
MONGODB (0ms) rails3_mongoid_devise_development['articles'].find({:is_published=>false})
  Rendered articles/show_non_published.html.erb within layouts/application (1.1ms)
MONGODB (0ms) rails3_mongoid_devise_development['users'].find({:_id=>BSON::ObjectId('509bf41a9a8a902cc4000002')}).limit(-1)
Completed 200 OK in 13ms (Views: 12.4ms | ActiveRecord: 0.0ms)


Started GET "/assets/articles.css?body=1" for 127.0.0.1 at 2012-11-12 11:11:48 -0300
Served asset /articles.css - 304 Not Modified (0ms)


Started GET "/assets/scaffolds.css?body=1" for 127.0.0.1 at 2012-11-12 11:11:48 -0300
Served asset /scaffolds.css - 304 Not Modified (0ms)


Started GET "/assets/news_agencies.css?body=1" for 127.0.0.1 at 2012-11-12 11:11:48 -0300
Served asset /news_agencies.css - 304 Not Modified (0ms)


Started GET "/assets/bootstrap_and_overrides.css?body=1" for 127.0.0.1 at 2012-11-12 11:11:48 -0300
Served asset /bootstrap_and_overrides.css - 304 Not Modified (0ms)


Started GET "/assets/sessions.css?body=1" for 127.0.0.1 at 2012-11-12 11:11:48 -0300
Served asset /sessions.css - 304 Not Modified (0ms)


Started GET "/assets/users.css?body=1" for 127.0.0.1 at 2012-11-12 11:11:48 -0300
Served asset /users.css - 304 Not Modified (0ms)


Started GET "/assets/jquery.js?body=1" for 127.0.0.1 at 2012-11-12 11:11:48 -0300
Served asset /jquery.js - 304 Not Modified (0ms)


Started GET "/assets/jquery_ujs.js?body=1" for 127.0.0.1 at 2012-11-12 11:11:48 -0300
Served asset /jquery_ujs.js - 304 Not Modified (0ms)


Started GET "/assets/twitter/bootstrap/bootstrap-transition.js?body=1" for 127.0.0.1 at 2012-11-12 11:11:48 -0300
Served asset /twitter/bootstrap/bootstrap-transition.js - 304 Not Modified (0ms)


Started GET "/assets/twitter/bootstrap/bootstrap-alert.js?body=1" for 127.0.0.1 at 2012-11-12 11:11:48 -0300
Served asset /twitter/bootstrap/bootstrap-alert.js - 304 Not Modified (0ms)


Started GET "/assets/twitter/bootstrap/bootstrap-modal.js?body=1" for 127.0.0.1 at 2012-11-12 11:11:48 -0300
Served asset /twitter/bootstrap/bootstrap-modal.js - 304 Not Modified (0ms)


Started GET "/assets/twitter/bootstrap/bootstrap-dropdown.js?body=1" for 127.0.0.1 at 2012-11-12 11:11:48 -0300
Served asset /twitter/bootstrap/bootstrap-dropdown.js - 304 Not Modified (0ms)


Started GET "/assets/twitter/bootstrap/bootstrap-tooltip.js?body=1" for 127.0.0.1 at 2012-11-12 11:11:48 -0300
Served asset /twitter/bootstrap/bootstrap-tooltip.js - 304 Not Modified (0ms)


Started GET "/assets/twitter/bootstrap/bootstrap-tab.js?body=1" for 127.0.0.1 at 2012-11-12 11:11:48 -0300
Served asset /twitter/bootstrap/bootstrap-tab.js - 304 Not Modified (0ms)


Started GET "/assets/twitter/bootstrap/bootstrap-scrollspy.js?body=1" for 127.0.0.1 at 2012-11-12 11:11:48 -0300
Served asset /twitter/bootstrap/bootstrap-scrollspy.js - 304 Not Modified (0ms)


Started GET "/assets/twitter/bootstrap/bootstrap-popover.js?body=1" for 127.0.0.1 at 2012-11-12 11:11:48 -0300
Served asset /twitter/bootstrap/bootstrap-popover.js - 304 Not Modified (0ms)


Started GET "/assets/twitter/bootstrap/bootstrap-button.js?body=1" for 127.0.0.1 at 2012-11-12 11:11:48 -0300
Served asset /twitter/bootstrap/bootstrap-button.js - 304 Not Modified (0ms)


Started GET "/assets/twitter/bootstrap/bootstrap-collapse.js?body=1" for 127.0.0.1 at 2012-11-12 11:11:48 -0300
Served asset /twitter/bootstrap/bootstrap-collapse.js - 304 Not Modified (0ms)


Started GET "/assets/twitter/bootstrap/bootstrap-carousel.js?body=1" for 127.0.0.1 at 2012-11-12 11:11:48 -0300
Served asset /twitter/bootstrap/bootstrap-carousel.js - 304 Not Modified (0ms)


Started GET "/assets/twitter/bootstrap/bootstrap-typeahead.js?body=1" for 127.0.0.1 at 2012-11-12 11:11:48 -0300
Served asset /twitter/bootstrap/bootstrap-typeahead.js - 304 Not Modified (0ms)


Started GET "/assets/twitter/bootstrap/bootstrap-affix.js?body=1" for 127.0.0.1 at 2012-11-12 11:11:48 -0300
Served asset /twitter/bootstrap/bootstrap-affix.js - 304 Not Modified (0ms)


Started GET "/assets/articles.js?body=1" for 127.0.0.1 at 2012-11-12 11:11:48 -0300
Served asset /articles.js - 304 Not Modified (0ms)


Started GET "/assets/twitter/bootstrap.js?body=1" for 127.0.0.1 at 2012-11-12 11:11:48 -0300
Served asset /twitter/bootstrap.js - 304 Not Modified (0ms)


Started GET "/assets/news_agencies.js?body=1" for 127.0.0.1 at 2012-11-12 11:11:48 -0300
Served asset /news_agencies.js - 304 Not Modified (0ms)


Started GET "/assets/sessions.js?body=1" for 127.0.0.1 at 2012-11-12 11:11:48 -0300
Served asset /sessions.js - 304 Not Modified (0ms)


Started GET "/assets/bootstrap.js?body=1" for 127.0.0.1 at 2012-11-12 11:11:48 -0300
Served asset /bootstrap.js - 304 Not Modified (0ms)


Started GET "/assets/users.js?body=1" for 127.0.0.1 at 2012-11-12 11:11:48 -0300
Served asset /users.js - 304 Not Modified (0ms)


Started GET "/non_published" for 127.0.0.1 at 2012-11-12 11:11:49 -0300
Processing by ArticlesController#show_non_published as HTML
MONGODB (0ms) rails3_mongoid_devise_development['articles'].find({:is_published=>false})
  Rendered articles/show_non_published.html.erb within layouts/application (0.8ms)
MONGODB (0ms) rails3_mongoid_devise_development['users'].find({:_id=>BSON::ObjectId('509bf41a9a8a902cc4000002')}).limit(-1)
Completed 200 OK in 12ms (Views: 11.9ms | ActiveRecord: 0.0ms)


Started GET "/assets/articles.css?body=1" for 127.0.0.1 at 2012-11-12 11:11:49 -0300
Served asset /articles.css - 304 Not Modified (0ms)


Started GET "/assets/bootstrap_and_overrides.css?body=1" for 127.0.0.1 at 2012-11-12 11:11:49 -0300
Served asset /bootstrap_and_overrides.css - 304 Not Modified (0ms)


Started GET "/assets/scaffolds.css?body=1" for 127.0.0.1 at 2012-11-12 11:11:49 -0300
Served asset /scaffolds.css - 304 Not Modified (0ms)


Started GET "/assets/news_agencies.css?body=1" for 127.0.0.1 at 2012-11-12 11:11:49 -0300
Served asset /news_agencies.css - 304 Not Modified (0ms)


Started GET "/assets/sessions.css?body=1" for 127.0.0.1 at 2012-11-12 11:11:49 -0300
Served asset /sessions.css - 304 Not Modified (0ms)


Started GET "/assets/users.css?body=1" for 127.0.0.1 at 2012-11-12 11:11:49 -0300
Served asset /users.css - 304 Not Modified (0ms)


Started GET "/assets/jquery.js?body=1" for 127.0.0.1 at 2012-11-12 11:11:49 -0300
Served asset /jquery.js - 304 Not Modified (0ms)


Started GET "/assets/twitter/bootstrap/bootstrap-transition.js?body=1" for 127.0.0.1 at 2012-11-12 11:11:49 -0300
Served asset /twitter/bootstrap/bootstrap-transition.js - 304 Not Modified (0ms)


Started GET "/assets/jquery_ujs.js?body=1" for 127.0.0.1 at 2012-11-12 11:11:49 -0300
Served asset /jquery_ujs.js - 304 Not Modified (0ms)


Started GET "/assets/twitter/bootstrap/bootstrap-alert.js?body=1" for 127.0.0.1 at 2012-11-12 11:11:49 -0300
Served asset /twitter/bootstrap/bootstrap-alert.js - 304 Not Modified (0ms)


Started GET "/assets/twitter/bootstrap/bootstrap-modal.js?body=1" for 127.0.0.1 at 2012-11-12 11:11:49 -0300
Served asset /twitter/bootstrap/bootstrap-modal.js - 304 Not Modified (0ms)


Started GET "/assets/twitter/bootstrap/bootstrap-dropdown.js?body=1" for 127.0.0.1 at 2012-11-12 11:11:49 -0300
Served asset /twitter/bootstrap/bootstrap-dropdown.js - 304 Not Modified (0ms)


Started GET "/assets/twitter/bootstrap/bootstrap-scrollspy.js?body=1" for 127.0.0.1 at 2012-11-12 11:11:49 -0300
Served asset /twitter/bootstrap/bootstrap-scrollspy.js - 304 Not Modified (0ms)


Started GET "/assets/twitter/bootstrap/bootstrap-tab.js?body=1" for 127.0.0.1 at 2012-11-12 11:11:49 -0300
Served asset /twitter/bootstrap/bootstrap-tab.js - 304 Not Modified (0ms)


Started GET "/assets/twitter/bootstrap/bootstrap-tooltip.js?body=1" for 127.0.0.1 at 2012-11-12 11:11:49 -0300
Served asset /twitter/bootstrap/bootstrap-tooltip.js - 304 Not Modified (0ms)


Started GET "/assets/twitter/bootstrap/bootstrap-button.js?body=1" for 127.0.0.1 at 2012-11-12 11:11:49 -0300
Served asset /twitter/bootstrap/bootstrap-button.js - 304 Not Modified (0ms)


Started GET "/assets/twitter/bootstrap/bootstrap-popover.js?body=1" for 127.0.0.1 at 2012-11-12 11:11:49 -0300
Served asset /twitter/bootstrap/bootstrap-popover.js - 304 Not Modified (0ms)


Started GET "/assets/twitter/bootstrap/bootstrap-collapse.js?body=1" for 127.0.0.1 at 2012-11-12 11:11:49 -0300
Served asset /twitter/bootstrap/bootstrap-collapse.js - 304 Not Modified (0ms)


Started GET "/assets/twitter/bootstrap/bootstrap-carousel.js?body=1" for 127.0.0.1 at 2012-11-12 11:11:49 -0300
Served asset /twitter/bootstrap/bootstrap-carousel.js - 304 Not Modified (0ms)


Started GET "/assets/twitter/bootstrap/bootstrap-typeahead.js?body=1" for 127.0.0.1 at 2012-11-12 11:11:49 -0300
Served asset /twitter/bootstrap/bootstrap-typeahead.js - 304 Not Modified (0ms)


Started GET "/assets/twitter/bootstrap/bootstrap-affix.js?body=1" for 127.0.0.1 at 2012-11-12 11:11:49 -0300
Served asset /twitter/bootstrap/bootstrap-affix.js - 304 Not Modified (0ms)


Started GET "/assets/twitter/bootstrap.js?body=1" for 127.0.0.1 at 2012-11-12 11:11:49 -0300
Served asset /twitter/bootstrap.js - 304 Not Modified (0ms)


Started GET "/assets/bootstrap.js?body=1" for 127.0.0.1 at 2012-11-12 11:11:49 -0300
Served asset /bootstrap.js - 304 Not Modified (0ms)


Started GET "/assets/articles.js?body=1" for 127.0.0.1 at 2012-11-12 11:11:49 -0300
Served asset /articles.js - 304 Not Modified (0ms)


Started GET "/assets/news_agencies.js?body=1" for 127.0.0.1 at 2012-11-12 11:11:49 -0300
Served asset /news_agencies.js - 304 Not Modified (0ms)


Started GET "/assets/sessions.js?body=1" for 127.0.0.1 at 2012-11-12 11:11:49 -0300
Served asset /sessions.js - 304 Not Modified (0ms)


Started GET "/assets/users.js?body=1" for 127.0.0.1 at 2012-11-12 11:11:49 -0300
Served asset /users.js - 304 Not Modified (0ms)
Connecting to database specified by database.yml
MONGODB [DEBUG] Logging level is currently :debug which could negatively impact client-side performance. You should set your logging level no lower than :info in production.
MONGODB (0ms) admin['$cmd'].find({:ismaster=>1}).limit(-1)
DEPRECATION WARNING: The InstanceMethods module inside ActiveSupport::Concern will be no longer included automatically. Please define instance methods directly in Mongoid::Hierarchy instead. (called from include at /Users/hansfindel/Sites/u/arqui_software/newsRoom/app/models/article.rb:2)
DEPRECATION WARNING: The InstanceMethods module inside ActiveSupport::Concern will be no longer included automatically. Please define instance methods directly in Mongoid::Hierarchy instead. (called from include at /Users/hansfindel/Sites/u/arqui_software/newsRoom/app/models/article_category.rb:2)
DEPRECATION WARNING: The InstanceMethods module inside ActiveSupport::Concern will be no longer included automatically. Please define instance methods directly in Mongoid::Hierarchy instead. (called from include at /Users/hansfindel/Sites/u/arqui_software/newsRoom/app/models/category.rb:2)
DEPRECATION WARNING: The InstanceMethods module inside ActiveSupport::Concern will be no longer included automatically. Please define instance methods directly in Mongoid::Hierarchy instead. (called from include at /Users/hansfindel/Sites/u/arqui_software/newsRoom/app/models/news_agency.rb:18)
DEPRECATION WARNING: The InstanceMethods module inside ActiveSupport::Concern will be no longer included automatically. Please define instance methods directly in Mongoid::Hierarchy instead. (called from include at /Users/hansfindel/Sites/u/arqui_software/newsRoom/app/models/user.rb:3)
DEPRECATION WARNING: ActionDispatch::ShowExceptions.rescue_responses is deprecated. Please configure your exceptions using a railtie or in your application config instead. (called from <top (required)> at /Users/hansfindel/Sites/u/arqui_software/newsRoom/config/environment.rb:5)
MONGODB (1ms) rails3_mongoid_devise_development['$cmd'].find({"count"=>"articles", "query"=>{}, "fields"=>nil}).limit(-1)
MONGODB (4ms) rails3_mongoid_devise_development['articles'].find({})
MONGODB (4ms) rails3_mongoid_devise_development['articles'].find({})
MONGODB (4ms) rails3_mongoid_devise_development['articles'].find({})
MONGODB (4ms) rails3_mongoid_devise_development['articles'].find({})
MONGODB (0ms) rails3_mongoid_devise_development['articles'].update({"_id"=>BSON::ObjectId('509e8a251d44b63379000045')}, {"$set"=>{"is_published"=>true}})
MONGODB (0ms) rails3_mongoid_devise_development['articles'].update({"_id"=>BSON::ObjectId('509e8a251d44b6337900004e')}, {"$set"=>{"is_published"=>false}})
MONGODB (0ms) rails3_mongoid_devise_development['articles'].update({"_id"=>BSON::ObjectId('509e8a251d44b63379000054')}, {"$set"=>{"is_published"=>true}})
MONGODB (0ms) rails3_mongoid_devise_development['articles'].update({"_id"=>BSON::ObjectId('509e8a251d44b63379000062')}, {"$set"=>{"is_published"=>false}})
MONGODB (0ms) rails3_mongoid_devise_development['articles'].update({"_id"=>BSON::ObjectId('509e8a251d44b6337900006b')}, {"$set"=>{"is_published"=>true}})
MONGODB (0ms) rails3_mongoid_devise_development['articles'].update({"_id"=>BSON::ObjectId('509e8a251d44b63379000075')}, {"$set"=>{"is_published"=>false}})
MONGODB (0ms) rails3_mongoid_devise_development['articles'].update({"_id"=>BSON::ObjectId('509e8a251d44b6337900007d')}, {"$set"=>{"is_published"=>true}})
MONGODB (0ms) rails3_mongoid_devise_development['articles'].update({"_id"=>BSON::ObjectId('509e8a251d44b6337900008c')}, {"$set"=>{"is_published"=>false}})
MONGODB (0ms) rails3_mongoid_devise_development['articles'].update({"_id"=>BSON::ObjectId('509e8a251d44b633790000aa')}, {"$set"=>{"is_published"=>true}})
MONGODB (0ms) rails3_mongoid_devise_development['articles'].update({"_id"=>BSON::ObjectId('509e8a251d44b633790000b6')}, {"$set"=>{"is_published"=>false}})
MONGODB (0ms) rails3_mongoid_devise_development['articles'].update({"_id"=>BSON::ObjectId('509e8a251d44b633790000bb')}, {"$set"=>{"is_published"=>true}})
MONGODB (0ms) rails3_mongoid_devise_development['articles'].update({"_id"=>BSON::ObjectId('509e8a251d44b633790000d1')}, {"$set"=>{"is_published"=>false}})
MONGODB (0ms) rails3_mongoid_devise_development['articles'].update({"_id"=>BSON::ObjectId('509e8a251d44b633790000f2')}, {"$set"=>{"is_published"=>true}})
MONGODB (0ms) rails3_mongoid_devise_development['articles'].update({"_id"=>BSON::ObjectId('509e8a251d44b633790000f7')}, {"$set"=>{"is_published"=>false}})
MONGODB (0ms) rails3_mongoid_devise_development['articles'].update({"_id"=>BSON::ObjectId('509e8a251d44b633790000fa')}, {"$set"=>{"is_published"=>true}})
MONGODB (0ms) rails3_mongoid_devise_development['articles'].update({"_id"=>BSON::ObjectId('50a019b91d44b6a942000004')}, {"$set"=>{"is_published"=>false}})
MONGODB (0ms) rails3_mongoid_devise_development['articles'].update({"_id"=>BSON::ObjectId('509e8a241d44b63379000001')}, {"$set"=>{"is_published"=>true}})
MONGODB (0ms) rails3_mongoid_devise_development['articles'].update({"_id"=>BSON::ObjectId('509e8a251d44b63379000012')}, {"$set"=>{"is_published"=>false}})
MONGODB (0ms) rails3_mongoid_devise_development['articles'].update({"_id"=>BSON::ObjectId('509e8a251d44b63379000019')}, {"$set"=>{"is_published"=>true}})
MONGODB (0ms) rails3_mongoid_devise_development['articles'].update({"_id"=>BSON::ObjectId('509e8a251d44b63379000026')}, {"$set"=>{"is_published"=>false}})
MONGODB (0ms) rails3_mongoid_devise_development['articles'].update({"_id"=>BSON::ObjectId('509e8a251d44b6337900002c')}, {"$set"=>{"is_published"=>true}})
MONGODB (0ms) rails3_mongoid_devise_development['articles'].update({"_id"=>BSON::ObjectId('509e8a251d44b63379000033')}, {"$set"=>{"is_published"=>false}})
MONGODB (0ms) rails3_mongoid_devise_development['articles'].update({"_id"=>BSON::ObjectId('509e8a251d44b6337900003d')}, {"$set"=>{"is_published"=>true}})
MONGODB (0ms) rails3_mongoid_devise_development['articles'].update({"_id"=>BSON::ObjectId('509e8a251d44b63379000085')}, {"$set"=>{"is_published"=>false}})
MONGODB (0ms) rails3_mongoid_devise_development['articles'].update({"_id"=>BSON::ObjectId('509e8a251d44b63379000094')}, {"$set"=>{"is_published"=>true}})
MONGODB (0ms) rails3_mongoid_devise_development['articles'].update({"_id"=>BSON::ObjectId('509e8a251d44b6337900009c')}, {"$set"=>{"is_published"=>false}})
MONGODB (0ms) rails3_mongoid_devise_development['articles'].update({"_id"=>BSON::ObjectId('509e8a251d44b633790000a4')}, {"$set"=>{"is_published"=>true}})
MONGODB (0ms) rails3_mongoid_devise_development['articles'].update({"_id"=>BSON::ObjectId('509e8a251d44b633790000c7')}, {"$set"=>{"is_published"=>false}})
MONGODB (0ms) rails3_mongoid_devise_development['articles'].update({"_id"=>BSON::ObjectId('509e8a251d44b633790000d6')}, {"$set"=>{"is_published"=>true}})
MONGODB (0ms) rails3_mongoid_devise_development['articles'].update({"_id"=>BSON::ObjectId('509e8a251d44b633790000de')}, {"$set"=>{"is_published"=>false}})
MONGODB (0ms) rails3_mongoid_devise_development['articles'].update({"_id"=>BSON::ObjectId('509e8a251d44b633790000e7')}, {"$set"=>{"is_published"=>true}})
MONGODB (0ms) rails3_mongoid_devise_development['articles'].update({"_id"=>BSON::ObjectId('50a019b91d44b6a942000005')}, {"$set"=>{"is_published"=>false}})
MONGODB (0ms) rails3_mongoid_devise_development['articles'].update({"_id"=>BSON::ObjectId('50a019b91d44b6a942000006')}, {"$set"=>{"is_published"=>true}})
MONGODB (2ms) rails3_mongoid_devise_development['articles'].find({})
Connecting to database specified by database.yml
MONGODB [DEBUG] Logging level is currently :debug which could negatively impact client-side performance. You should set your logging level no lower than :info in production.
MONGODB (0ms) admin['$cmd'].find({:ismaster=>1}).limit(-1)
DEPRECATION WARNING: The InstanceMethods module inside ActiveSupport::Concern will be no longer included automatically. Please define instance methods directly in Mongoid::Hierarchy instead. (called from include at /Users/hansfindel/Sites/u/arqui_software/newsRoom/app/models/article.rb:2)
DEPRECATION WARNING: The InstanceMethods module inside ActiveSupport::Concern will be no longer included automatically. Please define instance methods directly in Mongoid::Hierarchy instead. (called from include at /Users/hansfindel/Sites/u/arqui_software/newsRoom/app/models/article_category.rb:2)
DEPRECATION WARNING: The InstanceMethods module inside ActiveSupport::Concern will be no longer included automatically. Please define instance methods directly in Mongoid::Hierarchy instead. (called from include at /Users/hansfindel/Sites/u/arqui_software/newsRoom/app/models/category.rb:2)
DEPRECATION WARNING: The InstanceMethods module inside ActiveSupport::Concern will be no longer included automatically. Please define instance methods directly in Mongoid::Hierarchy instead. (called from include at /Users/hansfindel/Sites/u/arqui_software/newsRoom/app/models/news_agency.rb:18)
DEPRECATION WARNING: The InstanceMethods module inside ActiveSupport::Concern will be no longer included automatically. Please define instance methods directly in Mongoid::Hierarchy instead. (called from include at /Users/hansfindel/Sites/u/arqui_software/newsRoom/app/models/user.rb:3)
DEPRECATION WARNING: ActionDispatch::ShowExceptions.rescue_responses is deprecated. Please configure your exceptions using a railtie or in your application config instead. (called from <top (required)> at /Users/hansfindel/Sites/u/arqui_software/newsRoom/config/environment.rb:5)


Started GET "/non_published" for 127.0.0.1 at 2012-11-12 11:14:05 -0300
Processing by ArticlesController#show_non_published as HTML
MONGODB (1ms) rails3_mongoid_devise_development['articles'].find({:is_published=>false})
  Rendered articles/show_non_published.html.erb within layouts/application (126.3ms)
MONGODB (0ms) rails3_mongoid_devise_development['users'].find({:_id=>BSON::ObjectId('509bf41a9a8a902cc4000002')}).limit(-1)
Completed 200 OK in 210ms (Views: 209.8ms | ActiveRecord: 0.0ms)


Started GET "/assets/articles.css?body=1" for 127.0.0.1 at 2012-11-12 11:14:05 -0300
Served asset /articles.css - 304 Not Modified (2ms)


Started GET "/assets/bootstrap_and_overrides.css?body=1" for 127.0.0.1 at 2012-11-12 11:14:05 -0300
Served asset /bootstrap_and_overrides.css - 304 Not Modified (4ms)


Started GET "/assets/scaffolds.css?body=1" for 127.0.0.1 at 2012-11-12 11:14:05 -0300
Served asset /scaffolds.css - 304 Not Modified (1ms)


Started GET "/assets/news_agencies.css?body=1" for 127.0.0.1 at 2012-11-12 11:14:05 -0300
Served asset /news_agencies.css - 304 Not Modified (1ms)


Started GET "/assets/sessions.css?body=1" for 127.0.0.1 at 2012-11-12 11:14:05 -0300
Served asset /sessions.css - 304 Not Modified (1ms)


Started GET "/assets/users.css?body=1" for 127.0.0.1 at 2012-11-12 11:14:05 -0300
Served asset /users.css - 304 Not Modified (1ms)


Started GET "/assets/jquery.js?body=1" for 127.0.0.1 at 2012-11-12 11:14:05 -0300
Served asset /jquery.js - 304 Not Modified (5ms)


Started GET "/assets/twitter/bootstrap/bootstrap-transition.js?body=1" for 127.0.0.1 at 2012-11-12 11:14:05 -0300
Served asset /twitter/bootstrap/bootstrap-transition.js - 304 Not Modified (20ms)


Started GET "/assets/jquery_ujs.js?body=1" for 127.0.0.1 at 2012-11-12 11:14:05 -0300
Served asset /jquery_ujs.js - 304 Not Modified (2ms)


Started GET "/assets/twitter/bootstrap/bootstrap-alert.js?body=1" for 127.0.0.1 at 2012-11-12 11:14:05 -0300
Served asset /twitter/bootstrap/bootstrap-alert.js - 304 Not Modified (2ms)


Started GET "/assets/twitter/bootstrap/bootstrap-modal.js?body=1" for 127.0.0.1 at 2012-11-12 11:14:05 -0300
Served asset /twitter/bootstrap/bootstrap-modal.js - 304 Not Modified (2ms)


Started GET "/assets/twitter/bootstrap/bootstrap-dropdown.js?body=1" for 127.0.0.1 at 2012-11-12 11:14:05 -0300
Served asset /twitter/bootstrap/bootstrap-dropdown.js - 304 Not Modified (2ms)


Started GET "/assets/twitter/bootstrap/bootstrap-scrollspy.js?body=1" for 127.0.0.1 at 2012-11-12 11:14:05 -0300
Served asset /twitter/bootstrap/bootstrap-scrollspy.js - 304 Not Modified (2ms)


Started GET "/assets/twitter/bootstrap/bootstrap-tab.js?body=1" for 127.0.0.1 at 2012-11-12 11:14:05 -0300
Served asset /twitter/bootstrap/bootstrap-tab.js - 304 Not Modified (2ms)


Started GET "/assets/twitter/bootstrap/bootstrap-tooltip.js?body=1" for 127.0.0.1 at 2012-11-12 11:14:05 -0300
Served asset /twitter/bootstrap/bootstrap-tooltip.js - 304 Not Modified (2ms)


Started GET "/assets/twitter/bootstrap/bootstrap-popover.js?body=1" for 127.0.0.1 at 2012-11-12 11:14:05 -0300
Served asset /twitter/bootstrap/bootstrap-popover.js - 304 Not Modified (2ms)


Started GET "/assets/twitter/bootstrap/bootstrap-button.js?body=1" for 127.0.0.1 at 2012-11-12 11:14:05 -0300
Served asset /twitter/bootstrap/bootstrap-button.js - 304 Not Modified (2ms)


Started GET "/assets/twitter/bootstrap/bootstrap-collapse.js?body=1" for 127.0.0.1 at 2012-11-12 11:14:05 -0300
Served asset /twitter/bootstrap/bootstrap-collapse.js - 304 Not Modified (2ms)


Started GET "/assets/twitter/bootstrap/bootstrap-carousel.js?body=1" for 127.0.0.1 at 2012-11-12 11:14:05 -0300
Served asset /twitter/bootstrap/bootstrap-carousel.js - 304 Not Modified (2ms)


Started GET "/assets/twitter/bootstrap/bootstrap-typeahead.js?body=1" for 127.0.0.1 at 2012-11-12 11:14:05 -0300
Served asset /twitter/bootstrap/bootstrap-typeahead.js - 304 Not Modified (2ms)


Started GET "/assets/twitter/bootstrap/bootstrap-affix.js?body=1" for 127.0.0.1 at 2012-11-12 11:14:05 -0300
Served asset /twitter/bootstrap/bootstrap-affix.js - 304 Not Modified (2ms)


Started GET "/assets/twitter/bootstrap.js?body=1" for 127.0.0.1 at 2012-11-12 11:14:05 -0300
Served asset /twitter/bootstrap.js - 304 Not Modified (11ms)


Started GET "/assets/articles.js?body=1" for 127.0.0.1 at 2012-11-12 11:14:05 -0300
Served asset /articles.js - 304 Not Modified (1ms)


Started GET "/assets/bootstrap.js?body=1" for 127.0.0.1 at 2012-11-12 11:14:05 -0300
Served asset /bootstrap.js - 304 Not Modified (1ms)


Started GET "/assets/news_agencies.js?body=1" for 127.0.0.1 at 2012-11-12 11:14:05 -0300
Served asset /news_agencies.js - 304 Not Modified (1ms)


Started GET "/assets/sessions.js?body=1" for 127.0.0.1 at 2012-11-12 11:14:05 -0300
Served asset /sessions.js - 304 Not Modified (1ms)


Started GET "/assets/users.js?body=1" for 127.0.0.1 at 2012-11-12 11:14:05 -0300
Served asset /users.js - 304 Not Modified (1ms)


Started GET "/" for 127.0.0.1 at 2012-11-12 11:14:08 -0300
Processing by ArticlesController#index as HTML
MONGODB (1ms) rails3_mongoid_devise_development['articles'].find({:is_published=>true})
MONGODB (0ms) rails3_mongoid_devise_development['users'].find({:_id=>BSON::ObjectId('509bf41a9a8a902cc4000002')}).limit(-1)
  Rendered articles/index.html.erb within layouts/application (38.0ms)
Completed 200 OK in 66ms (Views: 65.5ms | ActiveRecord: 0.0ms)


Started GET "/assets/bootstrap_and_overrides.css?body=1" for 127.0.0.1 at 2012-11-12 11:14:08 -0300
Served asset /bootstrap_and_overrides.css - 304 Not Modified (0ms)


Started GET "/assets/sessions.css?body=1" for 127.0.0.1 at 2012-11-12 11:14:08 -0300
Served asset /sessions.css - 304 Not Modified (0ms)


Started GET "/assets/articles.css?body=1" for 127.0.0.1 at 2012-11-12 11:14:08 -0300
Served asset /articles.css - 304 Not Modified (0ms)


Started GET "/assets/users.css?body=1" for 127.0.0.1 at 2012-11-12 11:14:08 -0300
Served asset /users.css - 304 Not Modified (0ms)


Started GET "/assets/scaffolds.css?body=1" for 127.0.0.1 at 2012-11-12 11:14:08 -0300
Served asset /scaffolds.css - 304 Not Modified (0ms)


Started GET "/assets/news_agencies.css?body=1" for 127.0.0.1 at 2012-11-12 11:14:08 -0300
Served asset /news_agencies.css - 304 Not Modified (0ms)


Started GET "/assets/jquery.js?body=1" for 127.0.0.1 at 2012-11-12 11:14:08 -0300
Served asset /jquery.js - 304 Not Modified (0ms)


Started GET "/assets/jquery_ujs.js?body=1" for 127.0.0.1 at 2012-11-12 11:14:08 -0300
Served asset /jquery_ujs.js - 304 Not Modified (0ms)


Started GET "/assets/twitter/bootstrap/bootstrap-transition.js?body=1" for 127.0.0.1 at 2012-11-12 11:14:08 -0300
Served asset /twitter/bootstrap/bootstrap-transition.js - 304 Not Modified (0ms)


Started GET "/assets/twitter/bootstrap/bootstrap-alert.js?body=1" for 127.0.0.1 at 2012-11-12 11:14:08 -0300
Served asset /twitter/bootstrap/bootstrap-alert.js - 304 Not Modified (0ms)


Started GET "/assets/twitter/bootstrap/bootstrap-modal.js?body=1" for 127.0.0.1 at 2012-11-12 11:14:08 -0300
Served asset /twitter/bootstrap/bootstrap-modal.js - 304 Not Modified (0ms)


Started GET "/assets/twitter/bootstrap/bootstrap-dropdown.js?body=1" for 127.0.0.1 at 2012-11-12 11:14:08 -0300
Served asset /twitter/bootstrap/bootstrap-dropdown.js - 304 Not Modified (0ms)


Started GET "/assets/twitter/bootstrap/bootstrap-tab.js?body=1" for 127.0.0.1 at 2012-11-12 11:14:08 -0300
Served asset /twitter/bootstrap/bootstrap-tab.js - 304 Not Modified (0ms)


Started GET "/assets/twitter/bootstrap/bootstrap-tooltip.js?body=1" for 127.0.0.1 at 2012-11-12 11:14:08 -0300
Served asset /twitter/bootstrap/bootstrap-tooltip.js - 304 Not Modified (0ms)


Started GET "/assets/twitter/bootstrap/bootstrap-scrollspy.js?body=1" for 127.0.0.1 at 2012-11-12 11:14:08 -0300
Served asset /twitter/bootstrap/bootstrap-scrollspy.js - 304 Not Modified (0ms)


Started GET "/assets/twitter/bootstrap/bootstrap-popover.js?body=1" for 127.0.0.1 at 2012-11-12 11:14:08 -0300
Served asset /twitter/bootstrap/bootstrap-popover.js - 304 Not Modified (0ms)


Started GET "/assets/twitter/bootstrap/bootstrap-button.js?body=1" for 127.0.0.1 at 2012-11-12 11:14:08 -0300
Served asset /twitter/bootstrap/bootstrap-button.js - 304 Not Modified (0ms)


Started GET "/assets/twitter/bootstrap/bootstrap-carousel.js?body=1" for 127.0.0.1 at 2012-11-12 11:14:08 -0300
Served asset /twitter/bootstrap/bootstrap-carousel.js - 304 Not Modified (0ms)


Started GET "/assets/twitter/bootstrap/bootstrap-collapse.js?body=1" for 127.0.0.1 at 2012-11-12 11:14:08 -0300
Served asset /twitter/bootstrap/bootstrap-collapse.js - 304 Not Modified (0ms)


Started GET "/assets/twitter/bootstrap/bootstrap-typeahead.js?body=1" for 127.0.0.1 at 2012-11-12 11:14:08 -0300
Served asset /twitter/bootstrap/bootstrap-typeahead.js - 304 Not Modified (0ms)


Started GET "/assets/twitter/bootstrap.js?body=1" for 127.0.0.1 at 2012-11-12 11:14:08 -0300
Served asset /twitter/bootstrap.js - 304 Not Modified (0ms)


Started GET "/assets/twitter/bootstrap/bootstrap-affix.js?body=1" for 127.0.0.1 at 2012-11-12 11:14:08 -0300
Served asset /twitter/bootstrap/bootstrap-affix.js - 304 Not Modified (0ms)


Started GET "/assets/bootstrap.js?body=1" for 127.0.0.1 at 2012-11-12 11:14:08 -0300
Served asset /bootstrap.js - 304 Not Modified (0ms)


Started GET "/assets/articles.js?body=1" for 127.0.0.1 at 2012-11-12 11:14:08 -0300
Served asset /articles.js - 304 Not Modified (0ms)


Started GET "/assets/news_agencies.js?body=1" for 127.0.0.1 at 2012-11-12 11:14:08 -0300
Served asset /news_agencies.js - 304 Not Modified (0ms)


Started GET "/assets/sessions.js?body=1" for 127.0.0.1 at 2012-11-12 11:14:08 -0300
Served asset /sessions.js - 304 Not Modified (0ms)


Started GET "/assets/users.js?body=1" for 127.0.0.1 at 2012-11-12 11:14:08 -0300
Served asset /users.js - 304 Not Modified (0ms)
