

Started GET "/" for 127.0.0.1 at 2012-10-28 19:28:34 -0300
Connecting to database specified by database.yml
Processing by ArticlesController#index as HTML
  Rendered articles/index.html.erb within layouts/application (81.3ms)
Completed 500 Internal Server Error in 126ms

ActionView::Template::Error (
Problem:
  No sessions configuration provided.
Summary:
  Mongoid's configuration requires that you provide details about each session that can be connected to, and requires in the sessions config at least 1 default session to exist.
Resolution:
  Double check your mongoid.yml to make sure that you have a top-level sessions key with at least 1 default session configuration for it. You can regenerate a new mongoid.yml for assistance via `rails g mongoid:config`.

 Example:
   development:
     sessions:
       default:
         database: mongoid_dev
         hosts:
           - localhost:27017

):
    10:     <th></th>
    11:   </tr>
    12: 
    13: <% @articles.each do |article| %>
    14:   <tr>
    15:     <td><%= article.headline %></td>
    16:     <td><%= article.deck %></td>
  app/views/articles/index.html.erb:13:in `_app_views_articles_index_html_erb__1755723887737468502_70188998690520'
  app/controllers/articles_controller.rb:7:in `index'




Started GET "/" for 127.0.0.1 at 2012-10-28 19:34:56 -0300
Connecting to database specified by database.yml
Processing by ArticlesController#index as HTML
  Rendered articles/index.html.erb within layouts/application (82.6ms)
Completed 500 Internal Server Error in 148ms

ActionView::Template::Error (
Problem:
  No sessions configuration provided.
Summary:
  Mongoid's configuration requires that you provide details about each session that can be connected to, and requires in the sessions config at least 1 default session to exist.
Resolution:
  Double check your mongoid.yml to make sure that you have a top-level sessions key with at least 1 default session configuration for it. You can regenerate a new mongoid.yml for assistance via `rails g mongoid:config`.

 Example:
   development:
     sessions:
       default:
         database: mongoid_dev
         hosts:
           - localhost:27017

):
    10:     <th></th>
    11:   </tr>
    12: 
    13: <% @articles.each do |article| %>
    14:   <tr>
    15:     <td><%= article.headline %></td>
    16:     <td><%= article.deck %></td>
  app/views/articles/index.html.erb:13:in `_app_views_articles_index_html_erb__217206612703888568_70194676687340'
  app/controllers/articles_controller.rb:7:in `index'




Started GET "/" for 127.0.0.1 at 2012-10-28 19:36:02 -0300
Connecting to database specified by database.yml
Processing by ArticlesController#index as HTML
  Rendered articles/index.html.erb within layouts/application (1455.9ms)
Completed 500 Internal Server Error in 1501ms

ActionView::Template::Error (The operation: #<Moped::Protocol::Commands::Authenticate
  @length=158
  @request_id=3
  @response_to=0
  @op_code=2004
  @flags=[]
  @full_collection_name="app8798946.$cmd"
  @skip=0
  @limit=-1
  @selector={:authenticate=>1, :user=>"hansfindel", :nonce=>"e243f9edb4ccf4ec", :key=>"bf8d658b7603896a091ff70f595073a4"}
  @fields=nil>
failed with error "auth fails"):
    10:     <th></th>
    11:   </tr>
    12: 
    13: <% @articles.each do |article| %>
    14:   <tr>
    15:     <td><%= article.headline %></td>
    16:     <td><%= article.deck %></td>
  app/views/articles/index.html.erb:13:in `_app_views_articles_index_html_erb__3229958124148820398_70346897346820'
  app/controllers/articles_controller.rb:7:in `index'




Started GET "/" for 127.0.0.1 at 2012-10-28 19:38:06 -0300
Connecting to database specified by database.yml
Processing by ArticlesController#index as HTML
  Rendered articles/index.html.erb within layouts/application (739.5ms)
Completed 500 Internal Server Error in 767ms

ActionView::Template::Error (The operation: #<Moped::Protocol::Commands::Authenticate
  @length=158
  @request_id=3
  @response_to=0
  @op_code=2004
  @flags=[]
  @full_collection_name="app8798946.$cmd"
  @skip=0
  @limit=-1
  @selector={:authenticate=>1, :user=>"hansfindel", :nonce=>"bc7682818ee934d8", :key=>"5042400b3b756e7542a6355b795924d0"}
  @fields=nil>
failed with error "auth fails"):
    10:     <th></th>
    11:   </tr>
    12: 
    13: <% @articles.each do |article| %>
    14:   <tr>
    15:     <td><%= article.headline %></td>
    16:     <td><%= article.deck %></td>
  app/views/articles/index.html.erb:13:in `_app_views_articles_index_html_erb___3865912053603698208_70247844935440'
  app/controllers/articles_controller.rb:7:in `index'


